                      :-) GROMACS - gmx mdrun, 2023.2 (-:

Copyright 1991-2023 The GROMACS Authors.
GROMACS is free software; you can redistribute it and/or modify it
under the terms of the GNU Lesser General Public License
as published by the Free Software Foundation; either version 2.1
of the License, or (at your option) any later version.

                         Current GROMACS contributors:
       Mark Abraham           Andrey Alekseenko           Cathrine Bergh      
      Christian Blau            Eliane Briand             Mahesh Doijade      
    Stefan Fleischmann           Vytas Gapsys              Gaurav Garg        
      Sergey Gorelov         Gilles Gouaillardet            Alan Gray         
     M. Eric Irrgang         Farzaneh Jalalypour            Joe Jordan        
    Christoph Junghans        Prashanth Kanduri          Sebastian Keller     
     Carsten Kutzner           Justin A. Lemkul          Magnus Lundborg      
       Pascal Merz              Vedran Miletic            Dmitry Morozov      
       Szilard Pall             Roland Schulz             Michael Shirts      
     Alexey Shvetsov            Balint Soproni         David van der Spoel    
      Philip Turner             Carsten Uphoff           Alessandra Villa     
 Sebastian Wingbermuehle        Artem Zhmurov       

                         Previous GROMACS contributors:
        Emile Apol             Rossen Apostolov           James Barnett       
  Herman J.C. Berendsen          Par Bjelkmar           Viacheslav Bolnykh    
        Kevin Boyd            Aldert van Buuren          Carlo Camilloni      
     Rudi van Drunen            Anton Feenstra           Oliver Fleetwood     
     Gerrit Groenhof            Bert de Groot             Anca Hamuraru       
    Vincent Hindriksen          Victor Holanda           Aleksei Iupinov      
   Dimitrios Karkoulis           Peter Kasson             Sebastian Kehl      
        Jiri Kraus               Per Larsson              Viveca Lindahl      
      Erik Marklund           Pieter Meulenhoff           Teemu Murtola       
       Sander Pronk             Alfons Sijbers            Peter Tieleman      
       Jon Vincent             Teemu Virolainen         Christian Wennberg    
       Maarten Wolf       

                  Coordinated by the GROMACS project leaders:
                    Paul Bauer, Berk Hess, and Erik Lindahl

GROMACS:      gmx mdrun, version 2023.2
Executable:   /usr/local/gromacs/bin/gmx
Data prefix:  /usr/local/gromacs
Working dir:  /home/kmehy/EXP/LYS/default/Hybrid/system
Process ID:   240590
Command line:
  gmx mdrun -deffnm em1 -nt 6 -nb gpu

GROMACS version:    2023.2
Precision:          mixed
Memory model:       64 bit
MPI library:        thread_mpi
OpenMP support:     enabled (GMX_OPENMP_MAX_THREADS = 128)
GPU support:        CUDA
NB cluster size:    8
SIMD instructions:  AVX2_256
CPU FFT library:    fftw-3.3.8-sse2-avx
GPU FFT library:    cuFFT
Multi-GPU FFT:      none
RDTSCP usage:       enabled
TNG support:        enabled
Hwloc support:      disabled
Tracing support:    disabled
C compiler:         /usr/bin/cc GNU 11.4.0
C compiler flags:   -fexcess-precision=fast -funroll-all-loops -mavx2 -mfma -Wno-missing-field-initializers -O3 -DNDEBUG
C++ compiler:       /usr/bin/c++ GNU 11.4.0
C++ compiler flags: -fexcess-precision=fast -funroll-all-loops -mavx2 -mfma -Wno-missing-field-initializers -Wno-cast-function-type-strict -fopenmp -O3 -DNDEBUG
BLAS library:       External - detected on the system
LAPACK library:     External - detected on the system
CUDA compiler:      /usr/local/cuda/bin/nvcc nvcc: NVIDIA (R) Cuda compiler driver;Copyright (c) 2005-2023 NVIDIA Corporation;Built on Tue_Aug_15_22:02:13_PDT_2023;Cuda compilation tools, release 12.2, V12.2.140;Build cuda_12.2.r12.2/compiler.33191640_0
CUDA compiler flags:-std=c++17;--generate-code=arch=compute_50,code=sm_50;--generate-code=arch=compute_52,code=sm_52;--generate-code=arch=compute_60,code=sm_60;--generate-code=arch=compute_61,code=sm_61;--generate-code=arch=compute_70,code=sm_70;--generate-code=arch=compute_75,code=sm_75;--generate-code=arch=compute_80,code=sm_80;--generate-code=arch=compute_86,code=sm_86;--generate-code=arch=compute_89,code=sm_89;--generate-code=arch=compute_90,code=sm_90;-Wno-deprecated-gpu-targets;--generate-code=arch=compute_53,code=sm_53;--generate-code=arch=compute_80,code=sm_80;-use_fast_math;-Xptxas;-warn-double-usage;-Xptxas;-Werror;-D_FORCE_INLINES;-fexcess-precision=fast -funroll-all-loops -mavx2 -mfma -Wno-missing-field-initializers -Wno-cast-function-type-strict -fopenmp -O3 -DNDEBUG
CUDA driver:        12.20
CUDA runtime:       12.20


Running on 1 node with total 6 cores, 12 processing units, 1 compatible GPU
Hardware detected on host cecchini14:
  CPU info:
    Vendor: Intel
    Brand:  Intel(R) Core(TM) i7-8700K CPU @ 3.70GHz
    Family: 6   Model: 158   Stepping: 10
    Features: aes apic avx avx2 clfsh cmov cx8 cx16 f16c fma htt intel lahf mmx msr nonstop_tsc pcid pclmuldq pdcm pdpe1gb popcnt pse rdrnd rdtscp sse2 sse3 sse4.1 sse4.2 ssse3 tdt x2apic
  Hardware topology: Basic
    Packages, cores, and logical processors:
    [indices refer to OS logical processors]
      Package  0: [   0   6] [   1   7] [   2   8] [   3   9] [   4  10] [   5  11]
    CPU limit set by OS: -1   Recommended max number of threads: 12
  GPU info:
    Number of GPUs detected: 1
    #0: NVIDIA NVIDIA GeForce GTX 1080, compute cap.: 6.1, ECC:  no, stat: compatible


++++ PLEASE READ AND CITE THE FOLLOWING REFERENCE ++++
M. J. Abraham, T. Murtola, R. Schulz, S. Páll, J. C. Smith, B. Hess, E.
Lindahl
GROMACS: High performance molecular simulations through multi-level
parallelism from laptops to supercomputers
SoftwareX 1 (2015) pp. 19-25
-------- -------- --- Thank You --- -------- --------


++++ PLEASE READ AND CITE THE FOLLOWING REFERENCE ++++
S. Páll, M. J. Abraham, C. Kutzner, B. Hess, E. Lindahl
Tackling Exascale Software Challenges in Molecular Dynamics Simulations with
GROMACS
In S. Markidis & E. Laure (Eds.), Solving Software Challenges for Exascale 8759 (2015) pp. 3-27
-------- -------- --- Thank You --- -------- --------


++++ PLEASE READ AND CITE THE FOLLOWING REFERENCE ++++
S. Pronk, S. Páll, R. Schulz, P. Larsson, P. Bjelkmar, R. Apostolov, M. R.
Shirts, J. C. Smith, P. M. Kasson, D. van der Spoel, B. Hess, and E. Lindahl
GROMACS 4.5: a high-throughput and highly parallel open source molecular
simulation toolkit
Bioinformatics 29 (2013) pp. 845-54
-------- -------- --- Thank You --- -------- --------


++++ PLEASE READ AND CITE THE FOLLOWING REFERENCE ++++
B. Hess and C. Kutzner and D. van der Spoel and E. Lindahl
GROMACS 4: Algorithms for highly efficient, load-balanced, and scalable
molecular simulation
J. Chem. Theory Comput. 4 (2008) pp. 435-447
-------- -------- --- Thank You --- -------- --------


++++ PLEASE READ AND CITE THE FOLLOWING REFERENCE ++++
D. van der Spoel, E. Lindahl, B. Hess, G. Groenhof, A. E. Mark and H. J. C.
Berendsen
GROMACS: Fast, Flexible and Free
J. Comp. Chem. 26 (2005) pp. 1701-1719
-------- -------- --- Thank You --- -------- --------


++++ PLEASE READ AND CITE THE FOLLOWING REFERENCE ++++
E. Lindahl and B. Hess and D. van der Spoel
GROMACS 3.0: A package for molecular simulation and trajectory analysis
J. Mol. Mod. 7 (2001) pp. 306-317
-------- -------- --- Thank You --- -------- --------


++++ PLEASE READ AND CITE THE FOLLOWING REFERENCE ++++
H. J. C. Berendsen, D. van der Spoel and R. van Drunen
GROMACS: A message-passing parallel molecular dynamics implementation
Comp. Phys. Comm. 91 (1995) pp. 43-56
-------- -------- --- Thank You --- -------- --------


++++ PLEASE CITE THE DOI FOR THIS VERSION OF GROMACS ++++
https://doi.org/10.5281/zenodo.8134397
-------- -------- --- Thank You --- -------- --------

Input Parameters:
   integrator                     = steep
   tinit                          = 0
   dt                             = 0.001
   nsteps                         = 5000
   init-step                      = 0
   simulation-part                = 1
   mts                            = false
   comm-mode                      = Linear
   nstcomm                        = 100
   bd-fric                        = 0
   ld-seed                        = -1083261571
   emtol                          = 1000
   emstep                         = 0.01
   niter                          = 20
   fcstep                         = 0
   nstcgsteep                     = 1000
   nbfgscorr                      = 10
   rtpi                           = 0.05
   nstxout                        = 0
   nstvout                        = 0
   nstfout                        = 0
   nstlog                         = 1000
   nstcalcenergy                  = 100
   nstenergy                      = 1000
   nstxout-compressed             = 0
   compressed-x-precision         = 1000
   cutoff-scheme                  = Verlet
   nstlist                        = 10
   pbc                            = xyz
   periodic-molecules             = false
   verlet-buffer-tolerance        = 0.005
   rlist                          = 1.26
   coulombtype                    = PME
   coulomb-modifier               = Potential-shift
   rcoulomb-switch                = 0
   rcoulomb                       = 1.2
   epsilon-r                      = 1
   epsilon-rf                     = inf
   vdw-type                       = Cut-off
   vdw-modifier                   = Force-switch
   rvdw-switch                    = 1
   rvdw                           = 1.2
   DispCorr                       = No
   table-extension                = 1
   fourierspacing                 = 0.12
   fourier-nx                     = 80
   fourier-ny                     = 80
   fourier-nz                     = 80
   pme-order                      = 4
   ewald-rtol                     = 1e-05
   ewald-rtol-lj                  = 0.001
   lj-pme-comb-rule               = Geometric
   ewald-geometry                 = 3d
   epsilon-surface                = 0
   ensemble-temperature-setting   = not available
   ensemble-temperature           = -1
   tcoupl                         = No
   nsttcouple                     = -1
   nh-chain-length                = 0
   print-nose-hoover-chain-variables = false
   pcoupl                         = No
   pcoupltype                     = Isotropic
   nstpcouple                     = -1
   tau-p                          = 1
   compressibility (3x3):
      compressibility[    0]={ 0.00000e+00,  0.00000e+00,  0.00000e+00}
      compressibility[    1]={ 0.00000e+00,  0.00000e+00,  0.00000e+00}
      compressibility[    2]={ 0.00000e+00,  0.00000e+00,  0.00000e+00}
   ref-p (3x3):
      ref-p[    0]={ 0.00000e+00,  0.00000e+00,  0.00000e+00}
      ref-p[    1]={ 0.00000e+00,  0.00000e+00,  0.00000e+00}
      ref-p[    2]={ 0.00000e+00,  0.00000e+00,  0.00000e+00}
   refcoord-scaling               = No
   posres-com (3):
      posres-com[0]= 0.00000e+00
      posres-com[1]= 0.00000e+00
      posres-com[2]= 0.00000e+00
   posres-comB (3):
      posres-comB[0]= 0.00000e+00
      posres-comB[1]= 0.00000e+00
      posres-comB[2]= 0.00000e+00
   QMMM                           = false
qm-opts:
   ngQM                           = 0
   constraint-algorithm           = Lincs
   continuation                   = false
   Shake-SOR                      = false
   shake-tol                      = 0.0001
   lincs-order                    = 4
   lincs-iter                     = 1
   lincs-warnangle                = 30
   nwall                          = 0
   wall-type                      = 9-3
   wall-r-linpot                  = -1
   wall-atomtype[0]               = -1
   wall-atomtype[1]               = -1
   wall-density[0]                = 0
   wall-density[1]                = 0
   wall-ewald-zfac                = 3
   pull                           = false
   awh                            = false
   rotation                       = false
   interactiveMD                  = false
   disre                          = No
   disre-weighting                = Conservative
   disre-mixed                    = false
   dr-fc                          = 1000
   dr-tau                         = 0
   nstdisreout                    = 100
   orire-fc                       = 0
   orire-tau                      = 0
   nstorireout                    = 100
   free-energy                    = yes
   init-lambda                    = 1
   init-lambda-state              = -1
   delta-lambda                   = 0
   nstdhdl                        = 50
   n-lambdas                      = 0
   calc-lambda-neighbors          = 1
   dhdl-print-energy              = no
   sc-alpha                       = 0
   sc-power                       = 1
   sc-r-power                     = 6
   sc-sigma                       = 0.3
   sc-sigma-min                   = 0.3
   sc-coul                        = false
   dh-hist-size                   = 0
   dh-hist-spacing                = 0.1
   separate-dhdl-file             = yes
   dhdl-derivatives               = yes
   sc-function                    = gapsys
   sc-gapsys-scale-linpoint-lj    = 0.85
   sc-gapsys-scale-linpoint-q     = 0.3
   sc-gapsys-sigma-lj             = 0.3
   cos-acceleration               = 0
   deform (3x3):
      deform[    0]={ 0.00000e+00,  0.00000e+00,  0.00000e+00}
      deform[    1]={ 0.00000e+00,  0.00000e+00,  0.00000e+00}
      deform[    2]={ 0.00000e+00,  0.00000e+00,  0.00000e+00}
   simulated-tempering            = false
   swapcoords                     = no
   userint1                       = 0
   userint2                       = 0
   userint3                       = 0
   userint4                       = 0
   userreal1                      = 0
   userreal2                      = 0
   userreal3                      = 0
   userreal4                      = 0
   applied-forces:
     electric-field:
       x:
         E0                       = 0
         omega                    = 0
         t0                       = 0
         sigma                    = 0
       y:
         E0                       = 0
         omega                    = 0
         t0                       = 0
         sigma                    = 0
       z:
         E0                       = 0
         omega                    = 0
         t0                       = 0
         sigma                    = 0
     density-guided-simulation:
       active                     = false
       group                      = protein
       similarity-measure         = inner-product
       atom-spreading-weight      = unity
       force-constant             = 1e+09
       gaussian-transform-spreading-width = 0.2
       gaussian-transform-spreading-range-in-multiples-of-width = 4
       reference-density-filename = reference.mrc
       nst                        = 1
       normalize-densities        = true
       adaptive-force-scaling     = false
       adaptive-force-scaling-time-constant = 4
       shift-vector               = 
       transformation-matrix      = 
     qmmm-cp2k:
       active                     = false
       qmgroup                    = System
       qmmethod                   = PBE
       qmfilenames                = 
       qmcharge                   = 0
       qmmultiplicity             = 1
grpopts:
   nrdf:      125332
   ref-t:           0
   tau-t:           0
annealing:          No
annealing-npoints:           0
   acc:	           0           0           0
   nfreeze:           N           N           N
   energygrp-flags[  0]: 0

Update groups can not be used for this system because there are three or more consecutively coupled constraints

Update task can not run on the GPU, because the following condition(s) were not satisfied:

Only the md integrator is supported.

1 GPU selected for this run.
Mapping of GPU IDs to the 1 GPU task in the 1 rank on this node:
  PP:0
PP tasks will do (non-perturbed) short-ranged interactions on the GPU
PP task will update and constrain coordinates on the CPU
Using 1 MPI thread
Using 6 OpenMP threads 

System total charge, top. A: 0.000 top. B: 0.000
Will do PME sum in reciprocal space for electrostatic interactions.

++++ PLEASE READ AND CITE THE FOLLOWING REFERENCE ++++
U. Essmann, L. Perera, M. L. Berkowitz, T. Darden, H. Lee and L. G. Pedersen 
A smooth particle mesh Ewald method
J. Chem. Phys. 103 (1995) pp. 8577-8592
-------- -------- --- Thank You --- -------- --------

Using a Gaussian width (1/beta) of 0.384195 nm for Ewald
Potential shift: LJ r^-12: -2.648e-01 r^-6: -5.349e-01, Ewald -8.333e-06
Initialized non-bonded Coulomb Ewald tables, spacing: 1.02e-03 size: 2213

Generated table with 1130 data points for 1-4 COUL.
Tabscale = 500 points/nm
Generated table with 1130 data points for 1-4 LJ6.
Tabscale = 500 points/nm
Generated table with 1130 data points for 1-4 LJ12.
Tabscale = 500 points/nm


Using GPU 8x8 nonbonded short-range kernels

Using a 8x8 pair-list setup:
  updated every 10 steps, buffer 0.060 nm, rlist 1.260 nm
There are 10 atoms and 10 charges for free energy perturbation
Removing pbc first time

NOTE: The number of threads is not equal to the number of (logical) cpus
      and the -pin option is set to auto: will not pin threads to cpus.
      This can lead to significant performance degradation.
      Consider using -pin on (and -pinoffset in case you run multiple jobs).

Initializing LINear Constraint Solver

++++ PLEASE READ AND CITE THE FOLLOWING REFERENCE ++++
B. Hess and H. Bekker and H. J. C. Berendsen and J. G. E. M. Fraaije
LINCS: A Linear Constraint Solver for molecular simulations
J. Comp. Chem. 18 (1997) pp. 1463-1472
-------- -------- --- Thank You --- -------- --------

The number of constraints is 1322

++++ PLEASE READ AND CITE THE FOLLOWING REFERENCE ++++
S. Miyamoto and P. A. Kollman
SETTLE: An Analytical Version of the SHAKE and RATTLE Algorithms for Rigid
Water Models
J. Comp. Chem. 13 (1992) pp. 952-962
-------- -------- --- Thank You --- -------- --------


Note that activating steepest-descent energy minimization via the integrator .mdp option and the command gmx mdrun may be available in a different form in a future version of GROMACS, e.g. gmx minimize and an .mdp option.
Initiating Steepest Descents
Initial vector of lambda components:[     1.0000     1.0000     1.0000     1.0000     1.0000     1.0000     1.0000 ]
Started Steepest Descents on rank 0 Wed Oct 18 14:56:57 2023


Steepest Descents:
   Tolerance (Fmax)   =  1.00000e+03
   Number of steps    =         5000
           Step           Time
              0        0.00000

   Energies (kJ/mol)
           Bond            U-B    Proper Dih.  Improper Dih.      CMAP Dih.
    1.13149e+03    2.15745e+03    6.20869e+03    9.22804e+01   -1.85770e+02
          LJ-14     Coulomb-14        LJ (SR)   Coulomb (SR)   Coul. recip.
    3.11825e+03    1.91416e+04    1.02422e+05   -1.10619e+06    6.19613e+03
 Position Rest.      Potential Pressure (bar)    dVremain/dl   Constr. rmsd
    8.52428e-03   -9.65909e+05   -3.75019e+03   -3.32031e-01    2.28662e-06

           Step           Time
              1        1.00000

   Energies (kJ/mol)
           Bond            U-B    Proper Dih.  Improper Dih.      CMAP Dih.
    5.86325e+02    2.10403e+03    6.19339e+03    8.22290e+01   -2.08555e+02
          LJ-14     Coulomb-14        LJ (SR)   Coulomb (SR)   Coul. recip.
    3.03130e+03    1.90761e+04    1.01920e+05   -1.10612e+06    6.17789e+03
 Position Rest.      Potential Pressure (bar)    dVremain/dl   Constr. rmsd
    1.25465e-01   -9.67157e+05   -3.85613e+03   -3.43750e-01    2.55452e-06

           Step           Time
              2        2.00000

   Energies (kJ/mol)
           Bond            U-B    Proper Dih.  Improper Dih.      CMAP Dih.
    4.87647e+02    2.08326e+03    6.16056e+03    1.11691e+02   -2.53736e+02
          LJ-14     Coulomb-14        LJ (SR)   Coulomb (SR)   Coul. recip.
    2.82827e+03    1.89278e+04    1.01149e+05   -1.10592e+06    6.11726e+03
 Position Rest.      Potential Pressure (bar)    dVremain/dl   Constr. rmsd
    8.64766e-01   -9.68302e+05   -4.08620e+03   -3.01270e-01    3.65546e-06

           Step           Time
              3        3.00000

   Energies (kJ/mol)
           Bond            U-B    Proper Dih.  Improper Dih.      CMAP Dih.
    1.39402e+03    1.78270e+03    6.12327e+03    9.29954e+01   -2.43434e+02
          LJ-14     Coulomb-14        LJ (SR)   Coulomb (SR)   Coul. recip.
    2.76073e+03    1.89094e+04    1.00410e+05   -1.10574e+06    6.04488e+03
 Position Rest.      Potential Pressure (bar)    dVremain/dl   Constr. rmsd
    1.35809e+00   -9.68459e+05   -4.14018e+03   -2.85645e-01    5.74396e-06

           Step           Time
              4        4.00000

   Energies (kJ/mol)
           Bond            U-B    Proper Dih.  Improper Dih.      CMAP Dih.
    5.08400e+02    1.86950e+03    6.11912e+03    1.08377e+02   -2.66336e+02
          LJ-14     Coulomb-14        LJ (SR)   Coulomb (SR)   Coul. recip.
    2.69943e+03    1.88308e+04    1.00247e+05   -1.10570e+06    6.02720e+03
 Position Rest.      Potential Pressure (bar)    dVremain/dl   Constr. rmsd
    1.66110e+00   -9.69552e+05   -4.23712e+03   -2.34863e-01    2.26635e-06

           Step           Time
              5        5.00000

           Step           Time
              6        6.00000

   Energies (kJ/mol)
           Bond            U-B    Proper Dih.  Improper Dih.      CMAP Dih.
    5.19634e+02    1.82668e+03    6.11434e+03    1.07090e+02   -2.67886e+02
          LJ-14     Coulomb-14        LJ (SR)   Coulomb (SR)   Coul. recip.
    2.66734e+03    1.88013e+04    1.00037e+05   -1.10566e+06    6.00600e+03
 Position Rest.      Potential Pressure (bar)    dVremain/dl   Constr. rmsd
    1.86878e+00   -9.69845e+05   -4.26247e+03   -2.61230e-01    2.20242e-06

           Step           Time
              7        7.00000

   Energies (kJ/mol)
           Bond            U-B    Proper Dih.  Improper Dih.      CMAP Dih.
    5.45391e+02    1.82901e+03    6.10944e+03    1.09915e+02   -2.71515e+02
          LJ-14     Coulomb-14        LJ (SR)   Coulomb (SR)   Coul. recip.
    2.63950e+03    1.87746e+04    9.98168e+04   -1.10565e+06    5.98120e+03
 Position Rest.      Potential Pressure (bar)    dVremain/dl   Constr. rmsd
    2.23229e+00   -9.70109e+05   -4.32215e+03   -2.34375e-01    2.17202e-06

           Step           Time
              8        8.00000

   Energies (kJ/mol)
           Bond            U-B    Proper Dih.  Improper Dih.      CMAP Dih.
    5.73559e+02    1.80839e+03    6.10453e+03    1.07334e+02   -2.72227e+02
          LJ-14     Coulomb-14        LJ (SR)   Coulomb (SR)   Coul. recip.
    2.61321e+03    1.87486e+04    9.96248e+04   -1.10562e+06    5.96131e+03
 Position Rest.      Potential Pressure (bar)    dVremain/dl   Constr. rmsd
    2.44977e+00   -9.70350e+05   -4.34013e+03   -2.68066e-01    2.23872e-06

           Step           Time
              9        9.00000

   Energies (kJ/mol)
           Bond            U-B    Proper Dih.  Improper Dih.      CMAP Dih.
    6.08129e+02    1.80976e+03    6.10098e+03    1.09229e+02   -2.74657e+02
          LJ-14     Coulomb-14        LJ (SR)   Coulomb (SR)   Coul. recip.
    2.59315e+03    1.87319e+04    9.94485e+04   -1.10564e+06    5.93982e+03
 Position Rest.      Potential Pressure (bar)    dVremain/dl   Constr. rmsd
    2.80618e+00   -9.70569e+05   -4.39509e+03   -2.15332e-01    2.19741e-06

           Step           Time
             10       10.00000

   Energies (kJ/mol)
           Bond            U-B    Proper Dih.  Improper Dih.      CMAP Dih.
    6.77923e+02    1.80188e+03    6.09669e+03    1.06309e+02   -2.75155e+02
          LJ-14     Coulomb-14        LJ (SR)   Coulomb (SR)   Coul. recip.
    2.56935e+03    1.87043e+04    9.92772e+04   -1.10563e+06    5.92205e+03
 Position Rest.      Potential Pressure (bar)    dVremain/dl   Constr. rmsd
    3.02653e+00   -9.70745e+05   -4.40552e+03   -2.81250e-01    2.22591e-06

           Step           Time
             11       11.00000

   Energies (kJ/mol)
           Bond            U-B    Proper Dih.  Improper Dih.      CMAP Dih.
    7.30113e+02    1.80926e+03    6.09400e+03    1.08442e+02   -2.77067e+02
          LJ-14     Coulomb-14        LJ (SR)   Coulomb (SR)   Coul. recip.
    2.55383e+03    1.86959e+04    9.91288e+04   -1.10567e+06    5.90215e+03
 Position Rest.      Potential Pressure (bar)    dVremain/dl   Constr. rmsd
    3.40334e+00   -9.70919e+05   -4.46236e+03   -2.08008e-01    2.23273e-06

           Step           Time
             12       12.00000

   Energies (kJ/mol)
           Bond            U-B    Proper Dih.  Improper Dih.      CMAP Dih.
    8.80675e+02    1.81021e+03    6.09017e+03    1.04895e+02   -2.77199e+02
          LJ-14     Coulomb-14        LJ (SR)   Coulomb (SR)   Coul. recip.
    2.53215e+03    1.86649e+04    9.89779e+04   -1.10567e+06    5.88698e+03
 Position Rest.      Potential Pressure (bar)    dVremain/dl   Constr. rmsd
    3.61832e+00   -9.70994e+05   -4.46323e+03   -2.89062e-01    2.30728e-06

           Step           Time
             13       13.00000

   Energies (kJ/mol)
           Bond            U-B    Proper Dih.  Improper Dih.      CMAP Dih.
    9.75172e+02    1.83590e+03    6.08806e+03    1.07838e+02   -2.78969e+02
          LJ-14     Coulomb-14        LJ (SR)   Coulomb (SR)   Coul. recip.
    2.52004e+03    1.86653e+04    9.88502e+04   -1.10573e+06    5.86768e+03
 Position Rest.      Potential Pressure (bar)    dVremain/dl   Constr. rmsd
    4.04253e+00   -9.71092e+05   -4.52688e+03   -1.85547e-01    2.22055e-06

           Step           Time
             14       14.00000

           Step           Time
             15       15.00000

   Energies (kJ/mol)
           Bond            U-B    Proper Dih.  Improper Dih.      CMAP Dih.
    4.73824e+02    1.75430e+03    6.08618e+03    1.04627e+02   -2.78630e+02
          LJ-14     Coulomb-14        LJ (SR)   Coulomb (SR)   Coul. recip.
    2.50795e+03    1.86469e+04    9.87807e+04   -1.10573e+06    5.86102e+03
 Position Rest.      Potential Pressure (bar)    dVremain/dl   Constr. rmsd
    3.94933e+00   -9.71787e+05   -4.50988e+03   -2.46094e-01    2.15597e-06

           Step           Time
             16       16.00000

   Energies (kJ/mol)
           Bond            U-B    Proper Dih.  Improper Dih.      CMAP Dih.
    1.12617e+03    1.84841e+03    6.07536e+03    1.07388e+02   -2.83569e+02
          LJ-14     Coulomb-14        LJ (SR)   Coulomb (SR)   Coul. recip.
    2.44176e+03    1.85902e+04    9.82328e+04   -1.10593e+06    5.78747e+03
 Position Rest.      Potential Pressure (bar)    dVremain/dl   Constr. rmsd
    5.56505e+00   -9.71995e+05   -4.65728e+03   -1.64551e-01    2.41652e-06

           Step           Time
             17       17.00000

   Energies (kJ/mol)
           Bond            U-B    Proper Dih.  Improper Dih.      CMAP Dih.
    5.57919e+02    1.74018e+03    6.07359e+03    1.00943e+02   -2.81940e+02
          LJ-14     Coulomb-14        LJ (SR)   Coulomb (SR)   Coul. recip.
    2.43070e+03    1.85662e+04    9.81725e+04   -1.10594e+06    5.78237e+03
 Position Rest.      Potential Pressure (bar)    dVremain/dl   Constr. rmsd
    5.41853e+00   -9.72796e+05   -4.63287e+03   -2.56348e-01    2.20192e-06

           Step           Time
             18       18.00000

           Step           Time
             19       19.00000

   Energies (kJ/mol)
           Bond            U-B    Proper Dih.  Improper Dih.      CMAP Dih.
    6.15719e+02    1.75197e+03    6.07169e+03    1.01609e+02   -2.82902e+02
          LJ-14     Coulomb-14        LJ (SR)   Coulomb (SR)   Coul. recip.
    2.41914e+03    1.85629e+04    9.80831e+04   -1.10603e+06    5.76717e+03
 Position Rest.      Potential Pressure (bar)    dVremain/dl   Constr. rmsd
    5.76074e+00   -9.72931e+05   -4.66829e+03   -2.15820e-01    2.23114e-06

           Step           Time
             20       20.00000

   Energies (kJ/mol)
           Bond            U-B    Proper Dih.  Improper Dih.      CMAP Dih.
    6.58719e+02    1.74624e+03    6.06976e+03    9.97595e+01   -2.82897e+02
          LJ-14     Coulomb-14        LJ (SR)   Coulomb (SR)   Coul. recip.
    2.40766e+03    1.85401e+04    9.80030e+04   -1.10608e+06    5.75783e+03
 Position Rest.      Potential Pressure (bar)    dVremain/dl   Constr. rmsd
    5.93771e+00   -9.73076e+05   -4.66929e+03   -2.74902e-01    2.21081e-06

           Step           Time
             21       21.00000

   Energies (kJ/mol)
           Bond            U-B    Proper Dih.  Improper Dih.      CMAP Dih.
    7.61458e+02    1.77216e+03    6.06813e+03    1.01116e+02   -2.83888e+02
          LJ-14     Coulomb-14        LJ (SR)   Coulomb (SR)   Coul. recip.
    2.39762e+03    1.85416e+04    9.79259e+04   -1.10617e+06    5.74278e+03
 Position Rest.      Potential Pressure (bar)    dVremain/dl   Constr. rmsd
    6.31470e+00   -9.73139e+05   -4.70967e+03   -1.70898e-01    2.21468e-06

           Step           Time
             22       22.00000

   Energies (kJ/mol)
           Bond            U-B    Proper Dih.  Improper Dih.      CMAP Dih.
    8.67701e+02    1.76524e+03    6.06625e+03    9.84848e+01   -2.83485e+02
          LJ-14     Coulomb-14        LJ (SR)   Coulomb (SR)   Coul. recip.
    2.38670e+03    1.85146e+04    9.78525e+04   -1.10623e+06    5.73505e+03
 Position Rest.      Potential Pressure (bar)    dVremain/dl   Constr. rmsd
    6.47877e+00   -9.73222e+05   -4.70445e+03   -2.90039e-01    2.20578e-06

           Step           Time
             23       23.00000

           Step           Time
             24       24.00000

   Energies (kJ/mol)
           Bond            U-B    Proper Dih.  Improper Dih.      CMAP Dih.
    4.90024e+02    1.72298e+03    6.06544e+03    9.88676e+01   -2.84028e+02
          LJ-14     Coulomb-14        LJ (SR)   Coulomb (SR)   Coul. recip.
    2.38079e+03    1.85182e+04    9.78171e+04   -1.10628e+06    5.72695e+03
 Position Rest.      Potential Pressure (bar)    dVremain/dl   Constr. rmsd
    6.54067e+00   -9.73737e+05   -4.71995e+03   -2.13379e-01    2.19278e-06

           Step           Time
             25       25.00000

   Energies (kJ/mol)
           Bond            U-B    Proper Dih.  Improper Dih.      CMAP Dih.
    1.11118e+03    1.78035e+03    6.05786e+03    9.63271e+01   -2.85784e+02
          LJ-14     Coulomb-14        LJ (SR)   Coulomb (SR)   Coul. recip.
    2.33426e+03    1.84545e+04    9.74956e+04   -1.10666e+06    5.67592e+03
 Position Rest.      Potential Pressure (bar)    dVremain/dl   Constr. rmsd
    7.89396e+00   -9.73930e+05   -4.79593e+03   -3.06152e-01    2.35873e-06

           Step           Time
             26       26.00000

   Energies (kJ/mol)
           Bond            U-B    Proper Dih.  Improper Dih.      CMAP Dih.
    5.55967e+02    1.72760e+03    6.05718e+03    9.76636e+01   -2.86568e+02
          LJ-14     Coulomb-14        LJ (SR)   Coulomb (SR)   Coul. recip.
    2.32779e+03    1.84604e+04    9.74641e+04   -1.10672e+06    5.66650e+03
 Position Rest.      Potential Pressure (bar)    dVremain/dl   Constr. rmsd
    7.95097e+00   -9.74645e+05   -4.81126e+03   -2.12891e-01    2.17455e-06

           Step           Time
             27       27.00000

           Step           Time
             28       28.00000

   Energies (kJ/mol)
           Bond            U-B    Proper Dih.  Improper Dih.      CMAP Dih.
    6.38940e+02    1.72906e+03    6.05551e+03    9.56095e+01   -2.86156e+02
          LJ-14     Coulomb-14        LJ (SR)   Coulomb (SR)   Coul. recip.
    2.31870e+03    1.84428e+04    9.74092e+04   -1.10682e+06    5.65768e+03
 Position Rest.      Potential Pressure (bar)    dVremain/dl   Constr. rmsd
    8.17573e+00   -9.74750e+05   -4.81780e+03   -2.72461e-01    2.17091e-06

           Step           Time
             29       29.00000

   Energies (kJ/mol)
           Bond            U-B    Proper Dih.  Improper Dih.      CMAP Dih.
    6.41310e+02    1.74113e+03    6.05444e+03    9.65397e+01   -2.86881e+02
          LJ-14     Coulomb-14        LJ (SR)   Coulomb (SR)   Coul. recip.
    2.31138e+03    1.84416e+04    9.73667e+04   -1.10691e+06    5.64666e+03
 Position Rest.      Potential Pressure (bar)    dVremain/dl   Constr. rmsd
    8.45793e+00   -9.74892e+05   -4.84126e+03   -2.01172e-01    2.16370e-06

           Step           Time
             30       30.00000

   Energies (kJ/mol)
           Bond            U-B    Proper Dih.  Improper Dih.      CMAP Dih.
    7.85367e+02    1.74409e+03    6.05290e+03    9.48576e+01   -2.86606e+02
          LJ-14     Coulomb-14        LJ (SR)   Coulomb (SR)   Coul. recip.
    2.30334e+03    1.84224e+04    9.73192e+04   -1.10701e+06    5.63946e+03
 Position Rest.      Potential Pressure (bar)    dVremain/dl   Constr. rmsd
    8.66273e+00   -9.74926e+05   -4.84438e+03   -2.75391e-01    2.22211e-06

           Step           Time
             31       31.00000

   Energies (kJ/mol)
           Bond            U-B    Proper Dih.  Improper Dih.      CMAP Dih.
    8.23445e+02    1.77153e+03    6.05192e+03    9.63325e+01   -2.87524e+02
          LJ-14     Coulomb-14        LJ (SR)   Coulomb (SR)   Coul. recip.
    2.29634e+03    1.84238e+04    9.72800e+04   -1.10711e+06    5.62756e+03
 Position Rest.      Potential Pressure (bar)    dVremain/dl   Constr. rmsd
    8.99142e+00   -9.75017e+05   -4.87199e+03   -1.85059e-01    2.22182e-06

           Step           Time
             32       32.00000

           Step           Time
             33       33.00000

   Energies (kJ/mol)
           Bond            U-B    Proper Dih.  Improper Dih.      CMAP Dih.
    5.12631e+02    1.71514e+03    6.05108e+03    9.46775e+01   -2.87303e+02
          LJ-14     Coulomb-14        LJ (SR)   Coulomb (SR)   Coul. recip.
    2.29149e+03    1.84131e+04    9.72575e+04   -1.10716e+06    5.62453e+03
 Position Rest.      Potential Pressure (bar)    dVremain/dl   Constr. rmsd
    8.94894e+00   -9.75474e+05   -4.86394e+03   -2.23633e-01    2.21193e-06

           Step           Time
             34       34.00000

   Energies (kJ/mol)
           Bond            U-B    Proper Dih.  Improper Dih.      CMAP Dih.
    1.02928e+03    1.80828e+03    6.04640e+03    9.66442e+01   -2.89585e+02
          LJ-14     Coulomb-14        LJ (SR)   Coulomb (SR)   Coul. recip.
    2.26234e+03    1.83802e+04    9.70974e+04   -1.10757e+06    5.58497e+03
 Position Rest.      Potential Pressure (bar)    dVremain/dl   Constr. rmsd
    1.01510e+01   -9.75546e+05   -4.93245e+03   -1.61133e-01    2.28583e-06

           Step           Time
             35       35.00000

   Energies (kJ/mol)
           Bond            U-B    Proper Dih.  Improper Dih.      CMAP Dih.
    5.79727e+02    1.72137e+03    6.04542e+03    9.33444e+01   -2.88717e+02
          LJ-14     Coulomb-14        LJ (SR)   Coulomb (SR)   Coul. recip.
    2.25727e+03    1.83687e+04    9.70769e+04   -1.10763e+06    5.58226e+03
 Position Rest.      Potential Pressure (bar)    dVremain/dl   Constr. rmsd
    1.00549e+01   -9.76184e+05   -4.92058e+03   -2.37305e-01    2.18715e-06

           Step           Time
             36       36.00000

           Step           Time
             37       37.00000

   Energies (kJ/mol)
           Bond            U-B    Proper Dih.  Improper Dih.      CMAP Dih.
    6.29996e+02    1.74001e+03    6.04432e+03    9.40135e+01   -2.89489e+02
          LJ-14     Coulomb-14        LJ (SR)   Coulomb (SR)   Coul. recip.
    2.25021e+03    1.83626e+04    9.70441e+04   -1.10775e+06    5.57168e+03
 Position Rest.      Potential Pressure (bar)    dVremain/dl   Constr. rmsd
    1.03569e+01   -9.76287e+05   -4.93784e+03   -1.90430e-01    2.24210e-06

           Step           Time
             38       38.00000

   Energies (kJ/mol)
           Bond            U-B    Proper Dih.  Improper Dih.      CMAP Dih.
    6.64310e+02    1.73049e+03    6.04323e+03    9.29946e+01   -2.89281e+02
          LJ-14     Coulomb-14        LJ (SR)   Coulomb (SR)   Coul. recip.
    2.24478e+03    1.83513e+04    9.70180e+04   -1.10784e+06    5.56594e+03
 Position Rest.      Potential Pressure (bar)    dVremain/dl   Constr. rmsd
    1.05040e+01   -9.76408e+05   -4.94234e+03   -2.55371e-01    2.26849e-06

           Step           Time
             39       39.00000

   Energies (kJ/mol)
           Bond            U-B    Proper Dih.  Improper Dih.      CMAP Dih.
    7.63220e+02    1.76338e+03    6.04222e+03    9.40460e+01   -2.90160e+02
          LJ-14     Coulomb-14        LJ (SR)   Coulomb (SR)   Coul. recip.
    2.23817e+03    1.83463e+04    9.69887e+04   -1.10795e+06    5.55512e+03
 Position Rest.      Potential Pressure (bar)    dVremain/dl   Constr. rmsd
    1.08366e+01   -9.76441e+05   -4.96098e+03   -1.91895e-01    2.22922e-06

           Step           Time
             40       40.00000

   Energies (kJ/mol)
           Bond            U-B    Proper Dih.  Improper Dih.      CMAP Dih.
    8.45535e+02    1.75006e+03    6.04114e+03    9.25991e+01   -2.89616e+02
          LJ-14     Coulomb-14        LJ (SR)   Coulomb (SR)   Coul. recip.
    2.23327e+03    1.83347e+04    9.69658e+04   -1.10806e+06    5.55031e+03
 Position Rest.      Potential Pressure (bar)    dVremain/dl   Constr. rmsd
    1.09671e+01   -9.76521e+05   -4.96493e+03   -2.68066e-01    2.14924e-06

           Step           Time
             41       41.00000

           Step           Time
             42       42.00000

   Energies (kJ/mol)
           Bond            U-B    Proper Dih.  Improper Dih.      CMAP Dih.
    5.26163e+02    1.72286e+03    6.04058e+03    9.28841e+01   -2.90338e+02
          LJ-14     Coulomb-14        LJ (SR)   Coulomb (SR)   Coul. recip.
    2.22897e+03    1.83324e+04    9.69507e+04   -1.10811e+06    5.54425e+03
 Position Rest.      Potential Pressure (bar)    dVremain/dl   Constr. rmsd
    1.10419e+01   -9.76948e+05   -4.96769e+03   -2.19727e-01    2.18553e-06

           Step           Time
             43       43.00000

   Energies (kJ/mol)
           Bond            U-B    Proper Dih.  Improper Dih.      CMAP Dih.
    1.07824e+03    1.77515e+03    6.03647e+03    9.22840e+01   -2.91006e+02
          LJ-14     Coulomb-14        LJ (SR)   Coulomb (SR)   Coul. recip.
    2.20699e+03    1.82989e+04    9.68564e+04   -1.10856e+06    5.51367e+03
 Position Rest.      Potential Pressure (bar)    dVremain/dl   Constr. rmsd
    1.20202e+01   -9.76982e+05   -5.01581e+03   -2.81250e-01    2.27353e-06

           Step           Time
             44       44.00000

   Energies (kJ/mol)
           Bond            U-B    Proper Dih.  Improper Dih.      CMAP Dih.
    5.92941e+02    1.73925e+03    6.03583e+03    9.28272e+01   -2.92065e+02
          LJ-14     Coulomb-14        LJ (SR)   Coulomb (SR)   Coul. recip.
    2.20177e+03    1.82944e+04    9.68405e+04   -1.10862e+06    5.50628e+03
 Position Rest.      Potential Pressure (bar)    dVremain/dl   Constr. rmsd
    1.20996e+01   -9.77597e+05   -5.01389e+03   -1.89941e-01    2.18026e-06

           Step           Time
             45       45.00000

           Step           Time
             46       46.00000

   Energies (kJ/mol)
           Bond            U-B    Proper Dih.  Improper Dih.      CMAP Dih.
    6.58099e+02    1.73432e+03    6.03482e+03    9.19491e+01   -2.91734e+02
          LJ-14     Coulomb-14        LJ (SR)   Coulomb (SR)   Coul. recip.
    2.19714e+03    1.82875e+04    9.68242e+04   -1.10874e+06    5.49999e+03
 Position Rest.      Potential Pressure (bar)    dVremain/dl   Constr. rmsd
    1.22749e+01   -9.77694e+05   -5.02361e+03   -2.49023e-01    2.15953e-06

           Step           Time
             47       47.00000

   Energies (kJ/mol)
           Bond            U-B    Proper Dih.  Improper Dih.      CMAP Dih.
    6.83433e+02    1.75637e+03    6.03390e+03    9.26131e+01   -2.92531e+02
          LJ-14     Coulomb-14        LJ (SR)   Coulomb (SR)   Coul. recip.
    2.19165e+03    1.82792e+04    9.68057e+04   -1.10884e+06    5.49117e+03
 Position Rest.      Potential Pressure (bar)    dVremain/dl   Constr. rmsd
    1.25388e+01   -9.77787e+05   -5.03171e+03   -1.98242e-01    2.13419e-06

           Step           Time
             48       48.00000

   Energies (kJ/mol)
           Bond            U-B    Proper Dih.  Improper Dih.      CMAP Dih.
    8.03099e+02    1.74984e+03    6.03298e+03    9.17062e+01   -2.91997e+02
          LJ-14     Coulomb-14        LJ (SR)   Coulomb (SR)   Coul. recip.
    2.18780e+03    1.82740e+04    9.67929e+04   -1.10896e+06    5.48573e+03
 Position Rest.      Potential Pressure (bar)    dVremain/dl   Constr. rmsd
    1.26962e+01   -9.77824e+05   -5.04333e+03   -2.60254e-01    2.19025e-06

           Step           Time
             49       49.00000

   Energies (kJ/mol)
           Bond            U-B    Proper Dih.  Improper Dih.      CMAP Dih.
    8.82978e+02    1.78997e+03    6.03203e+03    9.27157e+01   -2.93046e+02
          LJ-14     Coulomb-14        LJ (SR)   Coulomb (SR)   Coul. recip.
    2.18220e+03    1.82638e+04    9.67747e+04   -1.10906e+06    5.47637e+03
 Position Rest.      Potential Pressure (bar)    dVremain/dl   Constr. rmsd
    1.30020e+01   -9.77846e+05   -5.05024e+03   -1.70898e-01    2.24397e-06

           Step           Time
             50       50.00000

           Step           Time
             51       51.00000

   Energies (kJ/mol)
           Bond            U-B    Proper Dih.  Improper Dih.      CMAP Dih.
    5.42154e+02    1.72905e+03    6.03154e+03    9.16771e+01   -2.92848e+02
          LJ-14     Coulomb-14        LJ (SR)   Coulomb (SR)   Coul. recip.
    2.17968e+03    1.82627e+04    9.67688e+04   -1.10912e+06    5.47379e+03
 Position Rest.      Potential Pressure (bar)    dVremain/dl   Constr. rmsd
    1.29611e+01   -9.78323e+05   -5.04986e+03   -2.29004e-01    2.21518e-06

           Step           Time
             52       52.00000

   Energies (kJ/mol)
           Bond            U-B    Proper Dih.  Improper Dih.      CMAP Dih.
    1.17550e+03    1.84047e+03    6.02675e+03    9.34391e+01   -2.95062e+02
          LJ-14     Coulomb-14        LJ (SR)   Coulomb (SR)   Coul. recip.
    2.15493e+03    1.82200e+04    9.66966e+04   -1.10971e+06    5.43409e+03
 Position Rest.      Potential Pressure (bar)    dVremain/dl   Constr. rmsd
    1.42612e+01   -9.78354e+05   -5.09788e+03   -1.51855e-01    2.30308e-06

           Step           Time
             53       53.00000

   Energies (kJ/mol)
           Bond            U-B    Proper Dih.  Improper Dih.      CMAP Dih.
    6.13628e+02    1.73890e+03    6.02627e+03    9.12935e+01   -2.94294e+02
          LJ-14     Coulomb-14        LJ (SR)   Coulomb (SR)   Coul. recip.
    2.15251e+03    1.82237e+04    9.66945e+04   -1.10980e+06    5.43144e+03
 Position Rest.      Potential Pressure (bar)    dVremain/dl   Constr. rmsd
    1.41624e+01   -9.79107e+05   -5.09891e+03   -2.21191e-01    2.23976e-06

           Step           Time
             54       54.00000

           Step           Time
             55       55.00000

   Energies (kJ/mol)
           Bond            U-B    Proper Dih.  Improper Dih.      CMAP Dih.
    7.04885e+02    1.77003e+03    6.02511e+03    9.17363e+01   -2.95093e+02
          LJ-14     Coulomb-14        LJ (SR)   Coulomb (SR)   Coul. recip.
    2.14705e+03    1.82106e+04    9.66817e+04   -1.10992e+06    5.42241e+03
 Position Rest.      Potential Pressure (bar)    dVremain/dl   Constr. rmsd
    1.44538e+01   -9.79149e+05   -5.10241e+03   -1.84082e-01    2.19663e-06

           Step           Time
             56       56.00000

   Energies (kJ/mol)
           Bond            U-B    Proper Dih.  Improper Dih.      CMAP Dih.
    7.13139e+02    1.74913e+03    6.02459e+03    9.11426e+01   -2.94561e+02
          LJ-14     Coulomb-14        LJ (SR)   Coulomb (SR)   Coul. recip.
    2.14453e+03    1.82124e+04    9.66795e+04   -1.11004e+06    5.41772e+03
 Position Rest.      Potential Pressure (bar)    dVremain/dl   Constr. rmsd
    1.45586e+01   -9.79283e+05   -5.11619e+03   -2.44141e-01    2.24378e-06

           Step           Time
             57       57.00000

           Step           Time
             58       58.00000

   Energies (kJ/mol)
           Bond            U-B    Proper Dih.  Improper Dih.      CMAP Dih.
    5.55396e+02    1.74468e+03    6.02393e+03    9.12859e+01   -2.95253e+02
          LJ-14     Coulomb-14        LJ (SR)   Coulomb (SR)   Coul. recip.
    2.14138e+03    1.82041e+04    9.66724e+04   -1.11009e+06    5.41309e+03
 Position Rest.      Potential Pressure (bar)    dVremain/dl   Constr. rmsd
    1.46665e+01   -9.79527e+05   -5.11168e+03   -2.14355e-01    2.18266e-06

           Step           Time
             59       59.00000

   Energies (kJ/mol)
           Bond            U-B    Proper Dih.  Improper Dih.      CMAP Dih.
    8.42892e+02    1.76360e+03    6.02192e+03    9.11117e+01   -2.95176e+02
          LJ-14     Coulomb-14        LJ (SR)   Coulomb (SR)   Coul. recip.
    2.13199e+03    1.81946e+04    9.66603e+04   -1.11042e+06    5.39586e+03
 Position Rest.      Potential Pressure (bar)    dVremain/dl   Constr. rmsd
    1.51897e+01   -9.79596e+05   -5.14288e+03   -2.35352e-01    2.17498e-06

           Step           Time
             60       60.00000

   Energies (kJ/mol)
           Bond            U-B    Proper Dih.  Improper Dih.      CMAP Dih.
    6.05231e+02    1.75873e+03    6.02104e+03    9.12632e+01   -2.96160e+02
          LJ-14     Coulomb-14        LJ (SR)   Coulomb (SR)   Coul. recip.
    2.12816e+03    1.81819e+04    9.66520e+04   -1.11048e+06    5.39039e+03
 Position Rest.      Potential Pressure (bar)    dVremain/dl   Constr. rmsd
    1.53162e+01   -9.79930e+05   -5.13230e+03   -1.97266e-01    2.17535e-06

           Step           Time
             61       61.00000

           Step           Time
             62       62.00000

   Energies (kJ/mol)
           Bond            U-B    Proper Dih.  Improper Dih.      CMAP Dih.
    6.15312e+02    1.74667e+03    6.02051e+03    9.10007e+01   -2.95902e+02
          LJ-14     Coulomb-14        LJ (SR)   Coulomb (SR)   Coul. recip.
    2.12560e+03    1.81828e+04    9.66516e+04   -1.11059e+06    5.38523e+03
 Position Rest.      Potential Pressure (bar)    dVremain/dl   Constr. rmsd
    1.54432e+01   -9.80052e+05   -5.14467e+03   -2.40234e-01    2.16521e-06

           Step           Time
             63       63.00000

   Energies (kJ/mol)
           Bond            U-B    Proper Dih.  Improper Dih.      CMAP Dih.
    6.73355e+02    1.77257e+03    6.01934e+03    9.12790e+01   -2.96653e+02
          LJ-14     Coulomb-14        LJ (SR)   Coulomb (SR)   Coul. recip.
    2.12086e+03    1.81687e+04    9.66442e+04   -1.11071e+06    5.37737e+03
 Position Rest.      Potential Pressure (bar)    dVremain/dl   Constr. rmsd
    1.56959e+01   -9.80119e+05   -5.14355e+03   -2.06055e-01    2.17276e-06

           Step           Time
             64       64.00000

   Energies (kJ/mol)
           Bond            U-B    Proper Dih.  Improper Dih.      CMAP Dih.
    7.00520e+02    1.75489e+03    6.01895e+03    9.09307e+01   -2.96140e+02
          LJ-14     Coulomb-14        LJ (SR)   Coulomb (SR)   Coul. recip.
    2.11868e+03    1.81735e+04    9.66466e+04   -1.11083e+06    5.37235e+03
 Position Rest.      Potential Pressure (bar)    dVremain/dl   Constr. rmsd
    1.58129e+01   -9.80233e+05   -5.16070e+03   -2.45117e-01    2.21002e-06

           Step           Time
             65       65.00000

           Step           Time
             66       66.00000

   Energies (kJ/mol)
           Bond            U-B    Proper Dih.  Improper Dih.      CMAP Dih.
    5.60929e+02    1.75280e+03    6.01826e+03    9.09971e+01   -2.96786e+02
          LJ-14     Coulomb-14        LJ (SR)   Coulomb (SR)   Coul. recip.
    2.11596e+03    1.81641e+04    9.66418e+04   -1.11088e+06    5.36834e+03
 Position Rest.      Potential Pressure (bar)    dVremain/dl   Constr. rmsd
    1.59147e+01   -9.80448e+05   -5.15389e+03   -1.99707e-01    2.19865e-06

           Step           Time
             67       67.00000

   Energies (kJ/mol)
           Bond            U-B    Proper Dih.  Improper Dih.      CMAP Dih.
    8.18617e+02    1.76813e+03    6.01617e+03    9.09377e+01   -2.96753e+02
          LJ-14     Coulomb-14        LJ (SR)   Coulomb (SR)   Coul. recip.
    2.10640e+03    1.81561e+04    9.66415e+04   -1.11126e+06    5.34920e+03
 Position Rest.      Potential Pressure (bar)    dVremain/dl   Constr. rmsd
    1.64765e+01   -9.80592e+05   -5.18728e+03   -2.52441e-01    2.23524e-06

           Step           Time
             68       68.00000

   Energies (kJ/mol)
           Bond            U-B    Proper Dih.  Improper Dih.      CMAP Dih.
    6.01178e+02    1.76602e+03    6.01521e+03    9.09637e+01   -2.97692e+02
          LJ-14     Coulomb-14        LJ (SR)   Coulomb (SR)   Coul. recip.
    2.10306e+03    1.81414e+04    9.66356e+04   -1.11131e+06    5.34454e+03
 Position Rest.      Potential Pressure (bar)    dVremain/dl   Constr. rmsd
    1.65960e+01   -9.80894e+05   -5.17328e+03   -2.12402e-01    2.15205e-06

           Step           Time
             69       69.00000

           Step           Time
             70       70.00000

   Energies (kJ/mol)
           Bond            U-B    Proper Dih.  Improper Dih.      CMAP Dih.
    6.21696e+02    1.75534e+03    6.01477e+03    9.08303e+01   -2.97433e+02
          LJ-14     Coulomb-14        LJ (SR)   Coulomb (SR)   Coul. recip.
    2.10073e+03    1.81441e+04    9.66391e+04   -1.11143e+06    5.33917e+03
 Position Rest.      Potential Pressure (bar)    dVremain/dl   Constr. rmsd
    1.67306e+01   -9.81007e+05   -5.18732e+03   -2.33398e-01    2.20652e-06

           Step           Time
             71       71.00000

   Energies (kJ/mol)
           Bond            U-B    Proper Dih.  Improper Dih.      CMAP Dih.
    6.58194e+02    1.77829e+03    6.01359e+03    9.09697e+01   -2.98147e+02
          LJ-14     Coulomb-14        LJ (SR)   Coulomb (SR)   Coul. recip.
    2.09667e+03    1.81291e+04    9.66359e+04   -1.11154e+06    5.33228e+03
 Position Rest.      Potential Pressure (bar)    dVremain/dl   Constr. rmsd
    1.69522e+01   -9.81086e+05   -5.18240e+03   -1.92871e-01    2.15401e-06

           Step           Time
             72       72.00000

   Energies (kJ/mol)
           Bond            U-B    Proper Dih.  Improper Dih.      CMAP Dih.
    6.99867e+02    1.76254e+03    6.01333e+03    9.08009e+01   -2.97637e+02
          LJ-14     Coulomb-14        LJ (SR)   Coulomb (SR)   Coul. recip.
    2.09472e+03    1.81363e+04    9.66421e+04   -1.11167e+06    5.32700e+03
 Position Rest.      Potential Pressure (bar)    dVremain/dl   Constr. rmsd
    1.70773e+01   -9.81181e+05   -5.20210e+03   -2.40234e-01    2.22447e-06

           Step           Time
             73       73.00000

   Energies (kJ/mol)
           Bond            U-B    Proper Dih.  Improper Dih.      CMAP Dih.
    7.86972e+02    1.80020e+03    6.01197e+03    9.09997e+01   -2.98579e+02
          LJ-14     Coulomb-14        LJ (SR)   Coulomb (SR)   Coul. recip.
    2.09053e+03    1.81159e+04    9.66378e+04   -1.11176e+06    5.32031e+03
 Position Rest.      Potential Pressure (bar)    dVremain/dl   Constr. rmsd
    1.73151e+01   -9.81191e+05   -5.19107e+03   -1.74316e-01    2.27065e-06

           Step           Time
             74       74.00000

   Energies (kJ/mol)
           Bond            U-B    Proper Dih.  Improper Dih.      CMAP Dih.
    8.78754e+02    1.77920e+03    6.01199e+03    9.08056e+01   -2.97685e+02
          LJ-14     Coulomb-14        LJ (SR)   Coulomb (SR)   Coul. recip.
    2.08914e+03    1.81301e+04    9.66477e+04   -1.11191e+06    5.31511e+03
 Position Rest.      Potential Pressure (bar)    dVremain/dl   Constr. rmsd
    1.74281e+01   -9.81244e+05   -5.22003e+03   -2.53906e-01    2.16858e-06

           Step           Time
             75       75.00000

           Step           Time
             76       76.00000

   Energies (kJ/mol)
           Bond            U-B    Proper Dih.  Improper Dih.      CMAP Dih.
    5.73232e+02    1.76559e+03    6.01109e+03    9.07337e+01   -2.98621e+02
          LJ-14     Coulomb-14        LJ (SR)   Coulomb (SR)   Coul. recip.
    2.08640e+03    1.81156e+04    9.66430e+04   -1.11195e+06    5.31151e+03
 Position Rest.      Potential Pressure (bar)    dVremain/dl   Constr. rmsd
    1.75088e+01   -9.81630e+05   -5.20254e+03   -1.99219e-01    2.14188e-06

           Step           Time
             77       77.00000

           Step           Time
             78       78.00000

   Energies (kJ/mol)
           Bond            U-B    Proper Dih.  Improper Dih.      CMAP Dih.
    6.58936e+02    1.76451e+03    6.01007e+03    9.07762e+01   -2.98577e+02
          LJ-14     Coulomb-14        LJ (SR)   Coulomb (SR)   Coul. recip.
    2.08169e+03    1.81147e+04    9.66512e+04   -1.11217e+06    5.30096e+03
 Position Rest.      Potential Pressure (bar)    dVremain/dl   Constr. rmsd
    1.77992e+01   -9.81776e+05   -5.22225e+03   -2.25098e-01    2.17117e-06

           Step           Time
             79       79.00000

   Energies (kJ/mol)
           Bond            U-B    Proper Dih.  Improper Dih.      CMAP Dih.
    5.88192e+02    1.77188e+03    6.00919e+03    9.07459e+01   -2.99161e+02
          LJ-14     Coulomb-14        LJ (SR)   Coulomb (SR)   Coul. recip.
    2.07915e+03    1.81027e+04    9.66499e+04   -1.11223e+06    5.29684e+03
 Position Rest.      Potential Pressure (bar)    dVremain/dl   Constr. rmsd
    1.79246e+01   -9.81926e+05   -5.21353e+03   -2.02148e-01    2.15512e-06

           Step           Time
             80       80.00000

   Energies (kJ/mol)
           Bond            U-B    Proper Dih.  Improper Dih.      CMAP Dih.
    7.21144e+02    1.77101e+03    6.00853e+03    9.07478e+01   -2.98836e+02
          LJ-14     Coulomb-14        LJ (SR)   Coulomb (SR)   Coul. recip.
    2.07563e+03    1.81065e+04    9.66604e+04   -1.11243e+06    5.28796e+03
 Position Rest.      Potential Pressure (bar)    dVremain/dl   Constr. rmsd
    1.81660e+01   -9.81986e+05   -5.23626e+03   -2.26562e-01    2.22409e-06

           Step           Time
             81       81.00000

   Energies (kJ/mol)
           Bond            U-B    Proper Dih.  Improper Dih.      CMAP Dih.
    6.22513e+02    1.78123e+03    6.00746e+03    9.07094e+01   -2.99617e+02
          LJ-14     Coulomb-14        LJ (SR)   Coulomb (SR)   Coul. recip.
    2.07280e+03    1.80903e+04    9.66583e+04   -1.11249e+06    5.28362e+03
 Position Rest.      Potential Pressure (bar)    dVremain/dl   Constr. rmsd
    1.83027e+01   -9.82166e+05   -5.22220e+03   -1.82129e-01    2.23277e-06

           Step           Time
             82       82.00000

           Step           Time
             83       83.00000

   Energies (kJ/mol)
           Bond            U-B    Proper Dih.  Improper Dih.      CMAP Dih.
    5.93149e+02    1.76651e+03    6.00728e+03    9.06819e+01   -2.99403e+02
          LJ-14     Coulomb-14        LJ (SR)   Coulomb (SR)   Coul. recip.
    2.07135e+03    1.80951e+04    9.66642e+04   -1.11258e+06    5.27966e+03
 Position Rest.      Potential Pressure (bar)    dVremain/dl   Constr. rmsd
    1.83915e+01   -9.82296e+05   -5.23416e+03   -1.93359e-01    2.17747e-06

           Step           Time
             84       84.00000

   Energies (kJ/mol)
           Bond            U-B    Proper Dih.  Improper Dih.      CMAP Dih.
    6.52624e+02    1.78877e+03    6.00583e+03    9.07072e+01   -3.00037e+02
          LJ-14     Coulomb-14        LJ (SR)   Coulomb (SR)   Coul. recip.
    2.06694e+03    1.80792e+04    9.66681e+04   -1.11274e+06    5.27115e+03
 Position Rest.      Potential Pressure (bar)    dVremain/dl   Constr. rmsd
    1.86583e+01   -9.82398e+05   -5.23089e+03   -1.88477e-01    2.17843e-06

           Step           Time
             85       85.00000

   Energies (kJ/mol)
           Bond            U-B    Proper Dih.  Improper Dih.      CMAP Dih.
    6.29020e+02    1.76990e+03    6.00575e+03    9.06815e+01   -2.99685e+02
          LJ-14     Coulomb-14        LJ (SR)   Coulomb (SR)   Coul. recip.
    2.06547e+03    1.80871e+04    9.66765e+04   -1.11285e+06    5.26662e+03
 Position Rest.      Potential Pressure (bar)    dVremain/dl   Constr. rmsd
    1.87553e+01   -9.82537e+05   -5.24741e+03   -2.21680e-01    2.20170e-06

           Step           Time
             86       86.00000

   Energies (kJ/mol)
           Bond            U-B    Proper Dih.  Improper Dih.      CMAP Dih.
    7.09933e+02    1.80000e+03    6.00432e+03    9.06865e+01   -3.00412e+02
          LJ-14     Coulomb-14        LJ (SR)   Coulomb (SR)   Coul. recip.
    2.06174e+03    1.80684e+04    9.66786e+04   -1.11297e+06    5.25981e+03
 Position Rest.      Potential Pressure (bar)    dVremain/dl   Constr. rmsd
    1.89850e+01   -9.82576e+05   -5.23803e+03   -1.82617e-01    2.19270e-06

           Step           Time
             87       87.00000

   Energies (kJ/mol)
           Bond            U-B    Proper Dih.  Improper Dih.      CMAP Dih.
    7.01442e+02    1.77612e+03    6.00442e+03    9.06889e+01   -2.99867e+02
          LJ-14     Coulomb-14        LJ (SR)   Coulomb (SR)   Coul. recip.
    2.06035e+03    1.80810e+04    9.66897e+04   -1.11309e+06    5.25486e+03
 Position Rest.      Potential Pressure (bar)    dVremain/dl   Constr. rmsd
    1.90851e+01   -9.82715e+05   -5.26105e+03   -2.23145e-01    2.18294e-06

           Step           Time
             88       88.00000

           Step           Time
             89       89.00000

   Energies (kJ/mol)
           Bond            U-B    Proper Dih.  Improper Dih.      CMAP Dih.
    5.82784e+02    1.77806e+03    6.00359e+03    9.06104e+01   -3.00427e+02
          LJ-14     Coulomb-14        LJ (SR)   Coulomb (SR)   Coul. recip.
    2.05843e+03    1.80691e+04    9.66894e+04   -1.11314e+06    5.25176e+03
 Position Rest.      Potential Pressure (bar)    dVremain/dl   Constr. rmsd
    1.91786e+01   -9.82898e+05   -5.24941e+03   -2.08008e-01    2.19851e-06

           Step           Time
             90       90.00000

   Energies (kJ/mol)
           Bond            U-B    Proper Dih.  Improper Dih.      CMAP Dih.
    7.72357e+02    1.78412e+03    6.00234e+03    9.07238e+01   -3.00287e+02
          LJ-14     Coulomb-14        LJ (SR)   Coulomb (SR)   Coul. recip.
    2.05259e+03    1.80702e+04    9.67119e+04   -1.11346e+06    5.23711e+03
 Position Rest.      Potential Pressure (bar)    dVremain/dl   Constr. rmsd
    1.95847e+01   -9.83021e+05   -5.27839e+03   -2.22168e-01    2.20054e-06

           Step           Time
             91       91.00000

   Energies (kJ/mol)
           Bond            U-B    Proper Dih.  Improper Dih.      CMAP Dih.
    6.04818e+02    1.78680e+03    6.00126e+03    9.05753e+01   -3.01012e+02
          LJ-14     Coulomb-14        LJ (SR)   Coulomb (SR)   Coul. recip.
    2.05045e+03    1.80538e+04    9.67107e+04   -1.11351e+06    5.23379e+03
 Position Rest.      Potential Pressure (bar)    dVremain/dl   Constr. rmsd
    1.96883e+01   -9.83261e+05   -5.26064e+03   -2.08984e-01    2.16923e-06

           Step           Time
             92       92.00000

           Step           Time
             93       93.00000

   Energies (kJ/mol)
           Bond            U-B    Proper Dih.  Improper Dih.      CMAP Dih.
    6.22131e+02    1.77754e+03    6.00101e+03    9.06180e+01   -3.00818e+02
          LJ-14     Coulomb-14        LJ (SR)   Coulomb (SR)   Coul. recip.
    2.04859e+03    1.80585e+04    9.67210e+04   -1.11363e+06    5.22854e+03
 Position Rest.      Potential Pressure (bar)    dVremain/dl   Constr. rmsd
    1.98173e+01   -9.83364e+05   -5.27482e+03   -2.15820e-01    2.11156e-06

           Step           Time
             94       94.00000

   Energies (kJ/mol)
           Bond            U-B    Proper Dih.  Improper Dih.      CMAP Dih.
    6.28576e+02    1.79341e+03    5.99988e+03    9.05598e+01   -3.01343e+02
          LJ-14     Coulomb-14        LJ (SR)   Coulomb (SR)   Coul. recip.
    2.04593e+03    1.80447e+04    9.67253e+04   -1.11373e+06    5.22331e+03
 Position Rest.      Potential Pressure (bar)    dVremain/dl   Constr. rmsd
    1.99860e+01   -9.83460e+05   -5.26674e+03   -2.05566e-01    2.17668e-06

           Step           Time
             95       95.00000

   Energies (kJ/mol)
           Bond            U-B    Proper Dih.  Improper Dih.      CMAP Dih.
    6.65509e+02    1.78140e+03    5.99978e+03    9.06299e+01   -3.01016e+02
          LJ-14     Coulomb-14        LJ (SR)   Coulomb (SR)   Coul. recip.
    2.04415e+03    1.80529e+04    9.67377e+04   -1.11386e+06    5.21776e+03
 Position Rest.      Potential Pressure (bar)    dVremain/dl   Constr. rmsd
    2.01168e+01   -9.83552e+05   -5.28575e+03   -2.18750e-01    2.19302e-06

           Step           Time
             96       96.00000

   Energies (kJ/mol)
           Bond            U-B    Proper Dih.  Improper Dih.      CMAP Dih.
    6.76024e+02    1.80343e+03    5.99848e+03    9.05369e+01   -3.01680e+02
          LJ-14     Coulomb-14        LJ (SR)   Coulomb (SR)   Coul. recip.
    2.04154e+03    1.80350e+04    9.67411e+04   -1.11395e+06    5.21290e+03
 Position Rest.      Potential Pressure (bar)    dVremain/dl   Constr. rmsd
    2.02843e+01   -9.83633e+05   -5.27216e+03   -2.05078e-01    2.17721e-06

           Step           Time
             97       97.00000

   Energies (kJ/mol)
           Bond            U-B    Proper Dih.  Improper Dih.      CMAP Dih.
    7.48372e+02    1.78853e+03    5.99862e+03    9.06597e+01   -3.01159e+02
          LJ-14     Coulomb-14        LJ (SR)   Coulomb (SR)   Coul. recip.
    2.03991e+03    1.80483e+04    9.67560e+04   -1.11409e+06    5.20715e+03
 Position Rest.      Potential Pressure (bar)    dVremain/dl   Constr. rmsd
    2.04129e+01   -9.83695e+05   -5.29815e+03   -2.12402e-01    2.17768e-06

           Step           Time
             98       98.00000

   Energies (kJ/mol)
           Bond            U-B    Proper Dih.  Improper Dih.      CMAP Dih.
    7.72724e+02    1.81981e+03    5.99705e+03    9.05136e+01   -3.02020e+02
          LJ-14     Coulomb-14        LJ (SR)   Coulomb (SR)   Coul. recip.
    2.03727e+03    1.80243e+04    9.67575e+04   -1.11417e+06    5.20265e+03
 Position Rest.      Potential Pressure (bar)    dVremain/dl   Constr. rmsd
    2.05850e+01   -9.83747e+05   -5.27701e+03   -1.93359e-01    2.19226e-06

           Step           Time
             99       99.00000

   Energies (kJ/mol)
           Bond            U-B    Proper Dih.  Improper Dih.      CMAP Dih.
    9.08511e+02    1.80288e+03    5.99756e+03    9.07178e+01   -3.01226e+02
          LJ-14     Coulomb-14        LJ (SR)   Coulomb (SR)   Coul. recip.
    2.03587e+03    1.80450e+04    9.67761e+04   -1.11432e+06    5.19669e+03
 Position Rest.      Potential Pressure (bar)    dVremain/dl   Constr. rmsd
    2.07092e+01   -9.83751e+05   -5.31312e+03   -2.34375e-01    2.22504e-06

           Step           Time
            100      100.00000

           Step           Time
            101      101.00000

   Energies (kJ/mol)
           Bond            U-B    Proper Dih.  Improper Dih.      CMAP Dih.
    5.88286e+02    1.78856e+03    5.99651e+03    9.04940e+01   -3.01945e+02
          LJ-14     Coulomb-14        LJ (SR)   Coulomb (SR)   Coul. recip.
    2.03427e+03    1.80287e+04    9.67745e+04   -1.11435e+06    5.19436e+03
 Position Rest.      Potential Pressure (bar)    dVremain/dl   Constr. rmsd
    2.07746e+01   -9.84139e+05   -5.29079e+03   -1.99707e-01    2.19336e-06


Steepest Descents converged to Fmax < 1000 in 102 steps
Potential Energy  = -9.8413938e+05
Maximum force     =  8.0404138e+02 on atom 1917
Norm of force     =  3.4045678e+01
Finished mdrun on rank 0 Wed Oct 18 14:56:58 2023

