                      :-) GROMACS - gmx mdrun, 2023.2 (-:

Copyright 1991-2023 The GROMACS Authors.
GROMACS is free software; you can redistribute it and/or modify it
under the terms of the GNU Lesser General Public License
as published by the Free Software Foundation; either version 2.1
of the License, or (at your option) any later version.

                         Current GROMACS contributors:
       Mark Abraham           Andrey Alekseenko           Cathrine Bergh      
      Christian Blau            Eliane Briand             Mahesh Doijade      
    Stefan Fleischmann           Vytas Gapsys              Gaurav Garg        
      Sergey Gorelov         Gilles Gouaillardet            Alan Gray         
     M. Eric Irrgang         Farzaneh Jalalypour            Joe Jordan        
    Christoph Junghans        Prashanth Kanduri          Sebastian Keller     
     Carsten Kutzner           Justin A. Lemkul          Magnus Lundborg      
       Pascal Merz              Vedran Miletic            Dmitry Morozov      
       Szilard Pall             Roland Schulz             Michael Shirts      
     Alexey Shvetsov            Balint Soproni         David van der Spoel    
      Philip Turner             Carsten Uphoff           Alessandra Villa     
 Sebastian Wingbermuehle        Artem Zhmurov       

                         Previous GROMACS contributors:
        Emile Apol             Rossen Apostolov           James Barnett       
  Herman J.C. Berendsen          Par Bjelkmar           Viacheslav Bolnykh    
        Kevin Boyd            Aldert van Buuren          Carlo Camilloni      
     Rudi van Drunen            Anton Feenstra           Oliver Fleetwood     
     Gerrit Groenhof            Bert de Groot             Anca Hamuraru       
    Vincent Hindriksen          Victor Holanda           Aleksei Iupinov      
   Dimitrios Karkoulis           Peter Kasson             Sebastian Kehl      
        Jiri Kraus               Per Larsson              Viveca Lindahl      
      Erik Marklund           Pieter Meulenhoff           Teemu Murtola       
       Sander Pronk             Alfons Sijbers            Peter Tieleman      
       Jon Vincent             Teemu Virolainen         Christian Wennberg    
       Maarten Wolf       

                  Coordinated by the GROMACS project leaders:
                    Paul Bauer, Berk Hess, and Erik Lindahl

GROMACS:      gmx mdrun, version 2023.2
Executable:   /home/gsinenko/Soft/gromacs-2023.2/GROMACS/bin/gmx_mpi
Data prefix:  /home/gsinenko/Soft/gromacs-2023.2/GROMACS
Working dir:  /home/gsinenko/Tutorials/water_benz/charmm-gui-9892211032/gromacs
Process ID:   270949
Command line:
  gmx_mpi mdrun -v -deffnm step4.1_equilibration -nb gpu

GROMACS version:    2023.2
Precision:          mixed
Memory model:       64 bit
MPI library:        MPI
OpenMP support:     enabled (GMX_OPENMP_MAX_THREADS = 128)
GPU support:        CUDA
NB cluster size:    8
SIMD instructions:  AVX2_256
CPU FFT library:    fftw-3.3.8-sse2-avx-avx2-avx2_128
GPU FFT library:    cuFFT
Multi-GPU FFT:      none
RDTSCP usage:       enabled
TNG support:        enabled
Hwloc support:      disabled
Tracing support:    disabled
C compiler:         /usr/bin/cc GNU 11.4.0
C compiler flags:   -fexcess-precision=fast -funroll-all-loops -mavx2 -mfma -Wno-missing-field-initializers -O3 -DNDEBUG
C++ compiler:       /usr/bin/c++ GNU 11.4.0
C++ compiler flags: -fexcess-precision=fast -funroll-all-loops -mavx2 -mfma -Wno-missing-field-initializers -Wno-cast-function-type-strict -fopenmp -O3 -DNDEBUG
BLAS library:       External - detected on the system
LAPACK library:     External - detected on the system
CUDA compiler:      /usr/local/cuda-12/bin/nvcc nvcc: NVIDIA (R) Cuda compiler driver;Copyright (c) 2005-2023 NVIDIA Corporation;Built on Mon_Apr__3_17:16:06_PDT_2023;Cuda compilation tools, release 12.1, V12.1.105;Build cuda_12.1.r12.1/compiler.32688072_0
CUDA compiler flags:-std=c++17;--generate-code=arch=compute_50,code=sm_50;--generate-code=arch=compute_52,code=sm_52;--generate-code=arch=compute_60,code=sm_60;--generate-code=arch=compute_61,code=sm_61;--generate-code=arch=compute_70,code=sm_70;--generate-code=arch=compute_75,code=sm_75;--generate-code=arch=compute_80,code=sm_80;--generate-code=arch=compute_86,code=sm_86;--generate-code=arch=compute_89,code=sm_89;--generate-code=arch=compute_90,code=sm_90;-Wno-deprecated-gpu-targets;--generate-code=arch=compute_53,code=sm_53;--generate-code=arch=compute_80,code=sm_80;-use_fast_math;-Xptxas;-warn-double-usage;-Xptxas;-Werror;-D_FORCE_INLINES;-fexcess-precision=fast -funroll-all-loops -mavx2 -mfma -Wno-missing-field-initializers -Wno-cast-function-type-strict -fopenmp -O3 -DNDEBUG
CUDA driver:        12.10
CUDA runtime:       12.10


Running on 1 node with total 12 cores, 20 processing units, 1 compatible GPU
Hardware detected on host cecchini20 (the node of MPI rank 0):
  CPU info:
    Vendor: Intel
    Brand:  12th Gen Intel(R) Core(TM) i7-12700
    Family: 6   Model: 151   Stepping: 2
    Features: aes apic avx avx2 clfsh cmov cx8 cx16 f16c fma htt intel lahf mmx msr nonstop_tsc pcid pclmuldq pdcm pdpe1gb popcnt pse rdrnd rdtscp sha sse2 sse3 sse4.1 sse4.2 ssse3 tdt x2apic
  Hardware topology: Basic
    Packages, cores, and logical processors:
    [indices refer to OS logical processors]
      Package  0: [   0   1] [   2   3] [   4   5] [   6   7] [   8   9] [  10  11] [  12  13] [  14  15] [  16] [  17] [  18] [  19]
    CPU limit set by OS: -1   Recommended max number of threads: 20
  GPU info:
    Number of GPUs detected: 1
    #0: NVIDIA NVIDIA RTX A4500, compute cap.: 8.6, ECC:  no, stat: compatible


++++ PLEASE READ AND CITE THE FOLLOWING REFERENCE ++++
M. J. Abraham, T. Murtola, R. Schulz, S. Páll, J. C. Smith, B. Hess, E.
Lindahl
GROMACS: High performance molecular simulations through multi-level
parallelism from laptops to supercomputers
SoftwareX 1 (2015) pp. 19-25
-------- -------- --- Thank You --- -------- --------


++++ PLEASE READ AND CITE THE FOLLOWING REFERENCE ++++
S. Páll, M. J. Abraham, C. Kutzner, B. Hess, E. Lindahl
Tackling Exascale Software Challenges in Molecular Dynamics Simulations with
GROMACS
In S. Markidis & E. Laure (Eds.), Solving Software Challenges for Exascale 8759 (2015) pp. 3-27
-------- -------- --- Thank You --- -------- --------


++++ PLEASE READ AND CITE THE FOLLOWING REFERENCE ++++
S. Pronk, S. Páll, R. Schulz, P. Larsson, P. Bjelkmar, R. Apostolov, M. R.
Shirts, J. C. Smith, P. M. Kasson, D. van der Spoel, B. Hess, and E. Lindahl
GROMACS 4.5: a high-throughput and highly parallel open source molecular
simulation toolkit
Bioinformatics 29 (2013) pp. 845-54
-------- -------- --- Thank You --- -------- --------


++++ PLEASE READ AND CITE THE FOLLOWING REFERENCE ++++
B. Hess and C. Kutzner and D. van der Spoel and E. Lindahl
GROMACS 4: Algorithms for highly efficient, load-balanced, and scalable
molecular simulation
J. Chem. Theory Comput. 4 (2008) pp. 435-447
-------- -------- --- Thank You --- -------- --------


++++ PLEASE READ AND CITE THE FOLLOWING REFERENCE ++++
D. van der Spoel, E. Lindahl, B. Hess, G. Groenhof, A. E. Mark and H. J. C.
Berendsen
GROMACS: Fast, Flexible and Free
J. Comp. Chem. 26 (2005) pp. 1701-1719
-------- -------- --- Thank You --- -------- --------


++++ PLEASE READ AND CITE THE FOLLOWING REFERENCE ++++
E. Lindahl and B. Hess and D. van der Spoel
GROMACS 3.0: A package for molecular simulation and trajectory analysis
J. Mol. Mod. 7 (2001) pp. 306-317
-------- -------- --- Thank You --- -------- --------


++++ PLEASE READ AND CITE THE FOLLOWING REFERENCE ++++
H. J. C. Berendsen, D. van der Spoel and R. van Drunen
GROMACS: A message-passing parallel molecular dynamics implementation
Comp. Phys. Comm. 91 (1995) pp. 43-56
-------- -------- --- Thank You --- -------- --------


++++ PLEASE CITE THE DOI FOR THIS VERSION OF GROMACS ++++
https://doi.org/10.5281/zenodo.8134397
-------- -------- --- Thank You --- -------- --------

Input Parameters:
   integrator                     = md
   tinit                          = 0
   dt                             = 0.001
   nsteps                         = 125000
   init-step                      = 0
   simulation-part                = 1
   mts                            = false
   comm-mode                      = Linear
   nstcomm                        = 100
   bd-fric                        = 0
   ld-seed                        = -1144539465
   emtol                          = 10
   emstep                         = 0.01
   niter                          = 20
   fcstep                         = 0
   nstcgsteep                     = 1000
   nbfgscorr                      = 10
   rtpi                           = 0.05
   nstxout                        = 0
   nstvout                        = 5000
   nstfout                        = 5000
   nstlog                         = 1000
   nstcalcenergy                  = 100
   nstenergy                      = 1000
   nstxout-compressed             = 5000
   compressed-x-precision         = 1000
   cutoff-scheme                  = Verlet
   nstlist                        = 20
   pbc                            = xyz
   periodic-molecules             = false
   verlet-buffer-tolerance        = 0.005
   rlist                          = 1.2
   coulombtype                    = PME
   coulomb-modifier               = Potential-shift
   rcoulomb-switch                = 0
   rcoulomb                       = 1.2
   epsilon-r                      = 1
   epsilon-rf                     = inf
   vdw-type                       = Cut-off
   vdw-modifier                   = Force-switch
   rvdw-switch                    = 1
   rvdw                           = 1.2
   DispCorr                       = No
   table-extension                = 1
   fourierspacing                 = 0.12
   fourier-nx                     = 32
   fourier-ny                     = 32
   fourier-nz                     = 32
   pme-order                      = 4
   ewald-rtol                     = 1e-05
   ewald-rtol-lj                  = 0.001
   lj-pme-comb-rule               = Geometric
   ewald-geometry                 = 3d
   epsilon-surface                = 0
   ensemble-temperature-setting   = constant
   ensemble-temperature           = 302.15
   tcoupl                         = Nose-Hoover
   nsttcouple                     = 50
   nh-chain-length                = 1
   print-nose-hoover-chain-variables = false
   pcoupl                         = No
   pcoupltype                     = Isotropic
   nstpcouple                     = -1
   tau-p                          = 1
   compressibility (3x3):
      compressibility[    0]={ 0.00000e+00,  0.00000e+00,  0.00000e+00}
      compressibility[    1]={ 0.00000e+00,  0.00000e+00,  0.00000e+00}
      compressibility[    2]={ 0.00000e+00,  0.00000e+00,  0.00000e+00}
   ref-p (3x3):
      ref-p[    0]={ 0.00000e+00,  0.00000e+00,  0.00000e+00}
      ref-p[    1]={ 0.00000e+00,  0.00000e+00,  0.00000e+00}
      ref-p[    2]={ 0.00000e+00,  0.00000e+00,  0.00000e+00}
   refcoord-scaling               = No
   posres-com (3):
      posres-com[0]= 0.00000e+00
      posres-com[1]= 0.00000e+00
      posres-com[2]= 0.00000e+00
   posres-comB (3):
      posres-comB[0]= 0.00000e+00
      posres-comB[1]= 0.00000e+00
      posres-comB[2]= 0.00000e+00
   QMMM                           = false
qm-opts:
   ngQM                           = 0
   constraint-algorithm           = Lincs
   continuation                   = false
   Shake-SOR                      = false
   shake-tol                      = 0.0001
   lincs-order                    = 4
   lincs-iter                     = 1
   lincs-warnangle                = 30
   nwall                          = 0
   wall-type                      = 9-3
   wall-r-linpot                  = -1
   wall-atomtype[0]               = -1
   wall-atomtype[1]               = -1
   wall-density[0]                = 0
   wall-density[1]                = 0
   wall-ewald-zfac                = 3
   pull                           = false
   awh                            = false
   rotation                       = false
   interactiveMD                  = false
   disre                          = No
   disre-weighting                = Conservative
   disre-mixed                    = false
   dr-fc                          = 1000
   dr-tau                         = 0
   nstdisreout                    = 100
   orire-fc                       = 0
   orire-tau                      = 0
   nstorireout                    = 100
   free-energy                    = no
   cos-acceleration               = 0
   deform (3x3):
      deform[    0]={ 0.00000e+00,  0.00000e+00,  0.00000e+00}
      deform[    1]={ 0.00000e+00,  0.00000e+00,  0.00000e+00}
      deform[    2]={ 0.00000e+00,  0.00000e+00,  0.00000e+00}
   simulated-tempering            = false
   swapcoords                     = no
   userint1                       = 0
   userint2                       = 0
   userint3                       = 0
   userint4                       = 0
   userreal1                      = 0
   userreal2                      = 0
   userreal3                      = 0
   userreal4                      = 0
   applied-forces:
     electric-field:
       x:
         E0                       = 0
         omega                    = 0
         t0                       = 0
         sigma                    = 0
       y:
         E0                       = 0
         omega                    = 0
         t0                       = 0
         sigma                    = 0
       z:
         E0                       = 0
         omega                    = 0
         t0                       = 0
         sigma                    = 0
     density-guided-simulation:
       active                     = false
       group                      = protein
       similarity-measure         = inner-product
       atom-spreading-weight      = unity
       force-constant             = 1e+09
       gaussian-transform-spreading-width = 0.2
       gaussian-transform-spreading-range-in-multiples-of-width = 4
       reference-density-filename = reference.mrc
       nst                        = 1
       normalize-densities        = true
       adaptive-force-scaling     = false
       adaptive-force-scaling-time-constant = 4
       shift-vector               = 
       transformation-matrix      = 
     qmmm-cp2k:
       active                     = false
       qmgroup                    = System
       qmmethod                   = PBE
       qmfilenames                = 
       qmcharge                   = 0
       qmmultiplicity             = 1
grpopts:
   nrdf:          27        7884
   ref-t:      302.15      302.15
   tau-t:           1           1
annealing:          No          No
annealing-npoints:           0           0
   acc:	           0           0           0
   nfreeze:           N           N           N
   energygrp-flags[  0]: 0

Changing nstlist from 20 to 100, rlist from 1.2 to 1.297

Update groups can not be used for this system because atoms that are (in)directly constrained together are interdispersed with other atoms

Update task can not run on the GPU, because the following condition(s) were not satisfied:

Nose-Hoover temperature coupling is not supported.

1 GPU selected for this run.
Mapping of GPU IDs to the 2 GPU tasks in the 1 rank on this node:
  PP:0,PME:0
PP tasks will do (non-perturbed) short-ranged interactions on the GPU
PP task will update and constrain coordinates on the CPU
PME tasks will do all aspects on the GPU
Using 1 MPI process
Using 20 OpenMP threads 

System total charge: 0.000
Will do PME sum in reciprocal space for electrostatic interactions.

++++ PLEASE READ AND CITE THE FOLLOWING REFERENCE ++++
U. Essmann, L. Perera, M. L. Berkowitz, T. Darden, H. Lee and L. G. Pedersen 
A smooth particle mesh Ewald method
J. Chem. Phys. 103 (1995) pp. 8577-8592
-------- -------- --- Thank You --- -------- --------

Using a Gaussian width (1/beta) of 0.384195 nm for Ewald
Potential shift: LJ r^-12: -2.648e-01 r^-6: -5.349e-01, Ewald -8.333e-06
Initialized non-bonded Coulomb Ewald tables, spacing: 1.02e-03 size: 1176

Generated table with 1148 data points for 1-4 COUL.
Tabscale = 500 points/nm
Generated table with 1148 data points for 1-4 LJ6.
Tabscale = 500 points/nm
Generated table with 1148 data points for 1-4 LJ12.
Tabscale = 500 points/nm


Using GPU 8x8 nonbonded short-range kernels

Using a dual 8x8 pair-list setup updated with dynamic, rolling pruning:
  outer list: updated every 100 steps, buffer 0.097 nm, rlist 1.297 nm
  inner list: updated every  22 steps, buffer 0.001 nm, rlist 1.201 nm
At tolerance 0.005 kJ/mol/ps per atom, equivalent classical 1x1 list would be:
  outer list: updated every 100 steps, buffer 0.226 nm, rlist 1.426 nm
  inner list: updated every  22 steps, buffer 0.047 nm, rlist 1.247 nm
Removing pbc first time

Pinning threads with an auto-selected logical cpu stride of 1

Initializing LINear Constraint Solver

++++ PLEASE READ AND CITE THE FOLLOWING REFERENCE ++++
B. Hess and H. Bekker and H. J. C. Berendsen and J. G. E. M. Fraaije
LINCS: A Linear Constraint Solver for molecular simulations
J. Comp. Chem. 18 (1997) pp. 1463-1472
-------- -------- --- Thank You --- -------- --------

The number of constraints is 15

++++ PLEASE READ AND CITE THE FOLLOWING REFERENCE ++++
S. Miyamoto and P. A. Kollman
SETTLE: An Analytical Version of the SHAKE and RATTLE Algorithms for Rigid
Water Models
J. Comp. Chem. 13 (1992) pp. 952-962
-------- -------- --- Thank You --- -------- --------

There are: 3948 Atoms

Constraining the starting coordinates (step 0)

Constraining the coordinates at t0-dt (step 0)
Center of mass motion removal mode is Linear
We have the following groups for center of mass motion removal:
  0:  SOLU
  1:  SOLV
RMS relative constraint deviation after constraining: 6.40e-07
Initial temperature: 302.572 K

Started mdrun on rank 0 Thu Nov  2 12:05:22 2023

           Step           Time
              0        0.00000

   Energies (kJ/mol)
           Bond            U-B    Proper Dih.  Improper Dih.          LJ-14
    6.84020e+00    2.10142e+00    4.55809e-01    1.39181e-01    4.39001e+01
     Coulomb-14        LJ (SR)   Coulomb (SR)   Coul. recip. Position Rest.
   -5.98184e+02    8.18366e+03   -7.18551e+04    1.88784e+02    2.00842e-02
      Potential    Kinetic En.   Total Energy  Conserved En.    Temperature
   -6.40273e+04    9.95177e+03   -5.40756e+04   -5.40756e+04    3.02597e+02
 Pressure (bar)   Constr. rmsd
   -2.42063e+03    8.81262e-07

           Step           Time
           1000        1.00000

   Energies (kJ/mol)
           Bond            U-B    Proper Dih.  Improper Dih.          LJ-14
    2.70318e+01    4.66439e+01    1.01190e+01    2.11958e+00    3.55940e+01
     Coulomb-14        LJ (SR)   Coulomb (SR)   Coul. recip. Position Rest.
   -5.88160e+02    6.20388e+03   -6.39992e+04    1.54055e+02    7.09119e+00
      Potential    Kinetic En.   Total Energy  Conserved En.    Temperature
   -5.81008e+04    7.33242e+03   -5.07684e+04   -5.24270e+04    2.22952e+02
 Pressure (bar)   Constr. rmsd
   -2.28081e+03    9.60973e-07

           Step           Time
           2000        2.00000

   Energies (kJ/mol)
           Bond            U-B    Proper Dih.  Improper Dih.          LJ-14
    2.08873e+01    3.23556e+01    1.05305e+01    3.60541e+00    4.54124e+01
     Coulomb-14        LJ (SR)   Coulomb (SR)   Coul. recip. Position Rest.
   -5.98307e+02    5.17962e+03   -6.04856e+04    1.84270e+02    2.30372e+00
      Potential    Kinetic En.   Total Energy  Conserved En.    Temperature
   -5.56049e+04    8.80524e+03   -4.67997e+04   -5.18102e+04    2.67735e+02
 Pressure (bar)   Constr. rmsd
   -2.12749e+03    4.23990e-07

           Step           Time
           3000        3.00000

   Energies (kJ/mol)
           Bond            U-B    Proper Dih.  Improper Dih.          LJ-14
    1.60090e+01    2.90338e+01    1.13446e+01    3.08436e+00    5.14366e+01
     Coulomb-14        LJ (SR)   Coulomb (SR)   Coul. recip. Position Rest.
   -5.88424e+02    5.31358e+03   -5.95796e+04    1.93656e+02    6.24387e+00
      Potential    Kinetic En.   Total Energy  Conserved En.    Temperature
   -5.45436e+04    9.96803e+03   -4.45756e+04   -5.13803e+04    3.03091e+02
 Pressure (bar)   Constr. rmsd
   -1.54158e+03    1.11446e-06

           Step           Time
           4000        4.00000

   Energies (kJ/mol)
           Bond            U-B    Proper Dih.  Improper Dih.          LJ-14
    1.87381e+01    3.57662e+01    1.03976e+01    8.24147e+00    4.69620e+01
     Coulomb-14        LJ (SR)   Coulomb (SR)   Coul. recip. Position Rest.
   -5.95210e+02    5.61823e+03   -6.00150e+04    1.98395e+02    6.81665e+00
      Potential    Kinetic En.   Total Energy  Conserved En.    Temperature
   -5.46667e+04    1.00769e+04   -4.45898e+04   -5.12137e+04    3.06403e+02
 Pressure (bar)   Constr. rmsd
   -1.03044e+03    9.42809e-07

           Step           Time
           5000        5.00000

   Energies (kJ/mol)
           Bond            U-B    Proper Dih.  Improper Dih.          LJ-14
    2.09523e+01    2.90907e+01    1.09334e+01    8.54713e-01    3.96693e+01
     Coulomb-14        LJ (SR)   Coulomb (SR)   Coul. recip. Position Rest.
   -5.95409e+02    5.40404e+03   -5.96286e+04    2.08435e+02    6.67782e+00
      Potential    Kinetic En.   Total Energy  Conserved En.    Temperature
   -5.45034e+04    9.94009e+03   -4.45633e+04   -5.11343e+04    3.02242e+02
 Pressure (bar)   Constr. rmsd
   -1.33327e+03    1.01573e-06

           Step           Time
           6000        6.00000

   Energies (kJ/mol)
           Bond            U-B    Proper Dih.  Improper Dih.          LJ-14
    2.91167e+01    2.69334e+01    1.56388e+01    3.31965e+00    4.45148e+01
     Coulomb-14        LJ (SR)   Coulomb (SR)   Coul. recip. Position Rest.
   -6.01823e+02    5.38046e+03   -5.95845e+04    1.91976e+02    4.31722e+00
      Potential    Kinetic En.   Total Energy  Conserved En.    Temperature
   -5.44900e+04    1.03143e+04   -4.41757e+04   -5.10998e+04    3.13621e+02
 Pressure (bar)   Constr. rmsd
   -1.30187e+03    7.84279e-07

           Step           Time
           7000        7.00000

   Energies (kJ/mol)
           Bond            U-B    Proper Dih.  Improper Dih.          LJ-14
    1.41287e+01    6.02206e+01    1.16931e+01    3.37698e+00    5.16623e+01
     Coulomb-14        LJ (SR)   Coulomb (SR)   Coul. recip. Position Rest.
   -6.02306e+02    5.56902e+03   -5.96844e+04    2.00136e+02    4.41322e+00
      Potential    Kinetic En.   Total Energy  Conserved En.    Temperature
   -5.43721e+04    9.97471e+03   -4.43974e+04   -5.11275e+04    3.03295e+02
 Pressure (bar)   Constr. rmsd
   -9.93661e+02    9.38150e-07

           Step           Time
           8000        8.00000

   Energies (kJ/mol)
           Bond            U-B    Proper Dih.  Improper Dih.          LJ-14
    2.05232e+01    5.53963e+01    9.45439e+00    2.70099e+00    5.17071e+01
     Coulomb-14        LJ (SR)   Coulomb (SR)   Coul. recip. Position Rest.
   -6.01061e+02    5.83984e+03   -6.04250e+04    2.07341e+02    1.21191e+01
      Potential    Kinetic En.   Total Energy  Conserved En.    Temperature
   -5.48270e+04    1.01571e+04   -4.46699e+04   -5.11171e+04    3.08841e+02
 Pressure (bar)   Constr. rmsd
   -7.04399e+02    1.13999e-06

           Step           Time
           9000        9.00000

   Energies (kJ/mol)
           Bond            U-B    Proper Dih.  Improper Dih.          LJ-14
    1.57868e+01    5.30521e+01    1.07083e+01    1.82551e+00    4.38117e+01
     Coulomb-14        LJ (SR)   Coulomb (SR)   Coul. recip. Position Rest.
   -5.97476e+02    5.87337e+03   -6.05618e+04    2.16193e+02    4.97507e+00
      Potential    Kinetic En.   Total Energy  Conserved En.    Temperature
   -5.49395e+04    1.02251e+04   -4.47144e+04   -5.11315e+04    3.10908e+02
 Pressure (bar)   Constr. rmsd
   -8.78638e+02    7.52688e-07

           Step           Time
          10000       10.00000

   Energies (kJ/mol)
           Bond            U-B    Proper Dih.  Improper Dih.          LJ-14
    2.70144e+01    2.85036e+01    1.51995e+01    3.58787e+00    4.30136e+01
     Coulomb-14        LJ (SR)   Coulomb (SR)   Coul. recip. Position Rest.
   -5.94269e+02    5.80500e+03   -6.03868e+04    2.03660e+02    3.80630e+00
      Potential    Kinetic En.   Total Energy  Conserved En.    Temperature
   -5.48513e+04    9.87857e+03   -4.49728e+04   -5.11836e+04    3.00371e+02
 Pressure (bar)   Constr. rmsd
   -9.97509e+02    1.09365e-06

           Step           Time
          11000       11.00000

   Energies (kJ/mol)
           Bond            U-B    Proper Dih.  Improper Dih.          LJ-14
    1.19436e+01    3.90951e+01    6.78101e+00    2.13681e+00    5.16531e+01
     Coulomb-14        LJ (SR)   Coulomb (SR)   Coul. recip. Position Rest.
   -6.03715e+02    5.66667e+03   -6.03426e+04    1.95073e+02    2.59158e+00
      Potential    Kinetic En.   Total Energy  Conserved En.    Temperature
   -5.49704e+04    1.01306e+04   -4.48398e+04   -5.11364e+04    3.08036e+02
 Pressure (bar)   Constr. rmsd
   -1.14156e+03    7.64242e-07

step 11700: timed with pme grid 32 32 32, coulomb cutoff 1.200: 179.0 M-cycles
step 11900: timed with pme grid 25 25 25, coulomb cutoff 1.400: 473.7 M-cycles
           Step           Time
          12000       12.00000

   Energies (kJ/mol)
           Bond            U-B    Proper Dih.  Improper Dih.          LJ-14
    3.01566e+01    2.61176e+01    1.27263e+01    8.80678e+00    4.32245e+01
     Coulomb-14        LJ (SR)   Coulomb (SR)   Coul. recip. Position Rest.
   -5.99773e+02    5.25182e+03   -6.02057e+04    1.74887e+02    5.99261e+00
      Potential    Kinetic En.   Total Energy  Conserved En.    Temperature
   -5.52517e+04    9.80625e+03   -4.54455e+04   -5.11135e+04    2.98172e+02
 Pressure (bar)   Constr. rmsd
   -1.97780e+03    4.36106e-07

step 12100: timed with pme grid 28 28 28, coulomb cutoff 1.250: 160.6 M-cycles
step 12300: timed with pme grid 32 32 32, coulomb cutoff 1.200: 26.8 M-cycles
step 12500: timed with pme grid 32 32 32, coulomb cutoff 1.200: 22.0 M-cycles
step 12700: timed with pme grid 32 32 32, coulomb cutoff 1.200: 25.5 M-cycles
              optimal pme grid 32 32 32, coulomb cutoff 1.200
           Step           Time
          13000       13.00000

   Energies (kJ/mol)
           Bond            U-B    Proper Dih.  Improper Dih.          LJ-14
    3.17050e+01    5.31178e+01    1.68550e+01    4.28498e+00    4.54520e+01
     Coulomb-14        LJ (SR)   Coulomb (SR)   Coul. recip. Position Rest.
   -6.11122e+02    5.55272e+03   -6.04166e+04    1.77805e+02    1.10571e+00
      Potential    Kinetic En.   Total Energy  Conserved En.    Temperature
   -5.51446e+04    1.01999e+04   -4.49447e+04   -5.11127e+04    3.10141e+02
 Pressure (bar)   Constr. rmsd
   -1.30694e+03    9.62697e-07

           Step           Time
          14000       14.00000

   Energies (kJ/mol)
           Bond            U-B    Proper Dih.  Improper Dih.          LJ-14
    1.90509e+01    3.31486e+01    9.08146e+00    1.41906e+00    4.98669e+01
     Coulomb-14        LJ (SR)   Coulomb (SR)   Coul. recip. Position Rest.
   -5.96885e+02    5.63737e+03   -6.07212e+04    1.96790e+02    6.04757e+00
      Potential    Kinetic En.   Total Energy  Conserved En.    Temperature
   -5.53653e+04    1.01822e+04   -4.51831e+04   -5.11468e+04    3.09604e+02
 Pressure (bar)   Constr. rmsd
   -1.24039e+03    8.97771e-07

           Step           Time
          15000       15.00000

   Energies (kJ/mol)
           Bond            U-B    Proper Dih.  Improper Dih.          LJ-14
    2.17997e+01    6.47398e+01    7.92159e+00    3.11012e+00    4.87234e+01
     Coulomb-14        LJ (SR)   Coulomb (SR)   Coul. recip. Position Rest.
   -6.05285e+02    5.64669e+03   -6.03633e+04    1.77789e+02    3.60601e+00
      Potential    Kinetic En.   Total Energy  Conserved En.    Temperature
   -5.49942e+04    9.95374e+03   -4.50404e+04   -5.11891e+04    3.02657e+02
 Pressure (bar)   Constr. rmsd
   -1.04350e+03    6.49481e-07

           Step           Time
          16000       16.00000

   Energies (kJ/mol)
           Bond            U-B    Proper Dih.  Improper Dih.          LJ-14
    1.65857e+01    4.51102e+01    1.61500e+01    3.16888e+00    4.56898e+01
     Coulomb-14        LJ (SR)   Coulomb (SR)   Coul. recip. Position Rest.
   -6.05042e+02    5.70048e+03   -6.04356e+04    1.99918e+02    2.46984e+00
      Potential    Kinetic En.   Total Energy  Conserved En.    Temperature
   -5.50110e+04    9.74526e+03   -4.52658e+04   -5.11493e+04    2.96318e+02
 Pressure (bar)   Constr. rmsd
   -1.12378e+03    1.07244e-06

           Step           Time
          17000       17.00000

   Energies (kJ/mol)
           Bond            U-B    Proper Dih.  Improper Dih.          LJ-14
    2.37633e+01    4.83538e+01    2.00430e+01    1.03137e+01    4.24864e+01
     Coulomb-14        LJ (SR)   Coulomb (SR)   Coul. recip. Position Rest.
   -5.97051e+02    5.55376e+03   -6.07830e+04    1.87592e+02    1.79105e+00
      Potential    Kinetic En.   Total Energy  Conserved En.    Temperature
   -5.54919e+04    9.59041e+03   -4.59015e+04   -5.12397e+04    2.91610e+02
 Pressure (bar)   Constr. rmsd
   -1.57141e+03    7.61448e-07

           Step           Time
          18000       18.00000

   Energies (kJ/mol)
           Bond            U-B    Proper Dih.  Improper Dih.          LJ-14
    2.72563e+01    3.26756e+01    2.60594e+01    4.44480e+00    4.79441e+01
     Coulomb-14        LJ (SR)   Coulomb (SR)   Coul. recip. Position Rest.
   -5.93540e+02    5.66311e+03   -6.00292e+04    1.97477e+02    4.16854e+00
      Potential    Kinetic En.   Total Energy  Conserved En.    Temperature
   -5.46196e+04    1.00126e+04   -4.46070e+04   -5.12455e+04    3.04448e+02
 Pressure (bar)   Constr. rmsd
   -1.01998e+03    1.12124e-06

           Step           Time
          19000       19.00000

   Energies (kJ/mol)
           Bond            U-B    Proper Dih.  Improper Dih.          LJ-14
    1.51350e+01    3.34004e+01    7.72507e+00    1.04587e+01    4.92414e+01
     Coulomb-14        LJ (SR)   Coulomb (SR)   Coul. recip. Position Rest.
   -5.96542e+02    5.50738e+03   -5.98685e+04    1.89739e+02    2.91389e+00
      Potential    Kinetic En.   Total Energy  Conserved En.    Temperature
   -5.46491e+04    1.00484e+04   -4.46007e+04   -5.12030e+04    3.05534e+02
 Pressure (bar)   Constr. rmsd
   -1.16165e+03    6.71886e-07

           Step           Time
          20000       20.00000

   Energies (kJ/mol)
           Bond            U-B    Proper Dih.  Improper Dih.          LJ-14
    3.69283e+01    5.62548e+01    8.30280e+00    4.26108e+00    3.84822e+01
     Coulomb-14        LJ (SR)   Coulomb (SR)   Coul. recip. Position Rest.
   -6.01408e+02    5.42819e+03   -6.01359e+04    2.00005e+02    5.86026e+00
      Potential    Kinetic En.   Total Energy  Conserved En.    Temperature
   -5.49590e+04    1.00976e+04   -4.48614e+04   -5.12042e+04    3.07032e+02
 Pressure (bar)   Constr. rmsd
   -1.58972e+03    8.26050e-07

           Step           Time
          21000       21.00000

   Energies (kJ/mol)
           Bond            U-B    Proper Dih.  Improper Dih.          LJ-14
    1.35961e+01    4.62955e+01    8.09043e+00    9.09999e-01    5.36866e+01
     Coulomb-14        LJ (SR)   Coulomb (SR)   Coul. recip. Position Rest.
   -5.92367e+02    5.97071e+03   -6.08516e+04    2.02176e+02    3.96780e+00
      Potential    Kinetic En.   Total Energy  Conserved En.    Temperature
   -5.51445e+04    9.92085e+03   -4.52236e+04   -5.13094e+04    3.01657e+02
 Pressure (bar)   Constr. rmsd
   -7.67218e+02    1.12114e-06

           Step           Time
          22000       22.00000

   Energies (kJ/mol)
           Bond            U-B    Proper Dih.  Improper Dih.          LJ-14
    1.38763e+01    8.37517e+01    1.42494e+01    2.71560e+00    5.22780e+01
     Coulomb-14        LJ (SR)   Coulomb (SR)   Coul. recip. Position Rest.
   -5.98929e+02    5.22652e+03   -5.99334e+04    1.89425e+02    1.70615e+00
      Potential    Kinetic En.   Total Energy  Conserved En.    Temperature
   -5.49478e+04    9.84806e+03   -4.50998e+04   -5.13360e+04    2.99444e+02
 Pressure (bar)   Constr. rmsd
   -1.76617e+03    6.99858e-07

           Step           Time
          23000       23.00000

   Energies (kJ/mol)
           Bond            U-B    Proper Dih.  Improper Dih.          LJ-14
    4.02964e+01    6.95274e+01    1.80924e+01    2.85495e+00    3.64243e+01
     Coulomb-14        LJ (SR)   Coulomb (SR)   Coul. recip. Position Rest.
   -5.99910e+02    5.14820e+03   -5.99981e+04    1.76115e+02    6.60196e+00
      Potential    Kinetic En.   Total Energy  Conserved En.    Temperature
   -5.50999e+04    9.81392e+03   -4.52860e+04   -5.12956e+04    2.98406e+02
 Pressure (bar)   Constr. rmsd
   -2.12271e+03    7.46210e-07

           Step           Time
          24000       24.00000

   Energies (kJ/mol)
           Bond            U-B    Proper Dih.  Improper Dih.          LJ-14
    3.12991e+01    4.18987e+01    1.07122e+01    2.18566e+00    3.73177e+01
     Coulomb-14        LJ (SR)   Coulomb (SR)   Coul. recip. Position Rest.
   -5.93385e+02    5.39479e+03   -6.04574e+04    1.88965e+02    1.30587e+00
      Potential    Kinetic En.   Total Energy  Conserved En.    Temperature
   -5.53423e+04    9.68848e+03   -4.56538e+04   -5.13228e+04    2.94591e+02
 Pressure (bar)   Constr. rmsd
   -1.80687e+03    1.04753e-06

           Step           Time
          25000       25.00000

   Energies (kJ/mol)
           Bond            U-B    Proper Dih.  Improper Dih.          LJ-14
    1.06746e+01    4.86546e+01    9.74341e+00    9.86569e+00    4.66579e+01
     Coulomb-14        LJ (SR)   Coulomb (SR)   Coul. recip. Position Rest.
   -5.89937e+02    5.34744e+03   -6.00477e+04    1.77637e+02    1.59936e+00
      Potential    Kinetic En.   Total Energy  Conserved En.    Temperature
   -5.49854e+04    9.96253e+03   -4.50229e+04   -5.13949e+04    3.02924e+02
 Pressure (bar)   Constr. rmsd
   -1.69685e+03    8.53409e-07

           Step           Time
          26000       26.00000

   Energies (kJ/mol)
           Bond            U-B    Proper Dih.  Improper Dih.          LJ-14
    1.42712e+01    4.90476e+01    8.39325e+00    1.23168e+01    5.49256e+01
     Coulomb-14        LJ (SR)   Coulomb (SR)   Coul. recip. Position Rest.
   -6.00156e+02    6.12883e+03   -6.12667e+04    1.92423e+02    4.90177e+00
      Potential    Kinetic En.   Total Energy  Conserved En.    Temperature
   -5.54017e+04    1.00167e+04   -4.53850e+04   -5.13597e+04    3.04571e+02
 Pressure (bar)   Constr. rmsd
   -4.74744e+02    9.57145e-07

           Step           Time
          27000       27.00000

   Energies (kJ/mol)
           Bond            U-B    Proper Dih.  Improper Dih.          LJ-14
    1.95345e+01    3.01643e+01    1.97316e+01    1.55691e+00    4.34354e+01
     Coulomb-14        LJ (SR)   Coulomb (SR)   Coul. recip. Position Rest.
   -5.97920e+02    5.45548e+03   -6.02100e+04    1.91323e+02    2.27033e+00
      Potential    Kinetic En.   Total Energy  Conserved En.    Temperature
   -5.50444e+04    9.93055e+03   -4.51139e+04   -5.13786e+04    3.01952e+02
 Pressure (bar)   Constr. rmsd
   -1.50267e+03    1.45383e-06

           Step           Time
          28000       28.00000

   Energies (kJ/mol)
           Bond            U-B    Proper Dih.  Improper Dih.          LJ-14
    1.71090e+01    5.33269e+01    7.60546e+00    2.62032e+00    4.28596e+01
     Coulomb-14        LJ (SR)   Coulomb (SR)   Coul. recip. Position Rest.
   -5.97222e+02    5.53512e+03   -6.04404e+04    1.87036e+02    5.80819e+00
      Potential    Kinetic En.   Total Energy  Conserved En.    Temperature
   -5.51862e+04    1.00237e+04   -4.51624e+04   -5.13281e+04    3.04785e+02
 Pressure (bar)   Constr. rmsd
   -1.50085e+03    5.78912e-07

           Step           Time
          29000       29.00000

   Energies (kJ/mol)
           Bond            U-B    Proper Dih.  Improper Dih.          LJ-14
    2.78334e+01    3.97017e+01    2.53094e+01    1.03122e-01    5.20001e+01
     Coulomb-14        LJ (SR)   Coulomb (SR)   Coul. recip. Position Rest.
   -5.94395e+02    5.49641e+03   -6.04592e+04    2.12214e+02    2.23511e+00
      Potential    Kinetic En.   Total Energy  Conserved En.    Temperature
   -5.51978e+04    9.64219e+03   -4.55556e+04   -5.13984e+04    2.93184e+02
 Pressure (bar)   Constr. rmsd
   -1.58148e+03    6.98503e-07

           Step           Time
          30000       30.00000

   Energies (kJ/mol)
           Bond            U-B    Proper Dih.  Improper Dih.          LJ-14
    1.66360e+01    3.37850e+01    2.43829e+01    1.06966e+00    4.64062e+01
     Coulomb-14        LJ (SR)   Coulomb (SR)   Coul. recip. Position Rest.
   -5.93119e+02    5.28322e+03   -5.97941e+04    2.23591e+02    1.40017e+00
      Potential    Kinetic En.   Total Energy  Conserved En.    Temperature
   -5.47567e+04    1.00912e+04   -4.46655e+04   -5.13884e+04    3.06836e+02
 Pressure (bar)   Constr. rmsd
   -1.74973e+03    9.03425e-07

           Step           Time
          31000       31.00000

   Energies (kJ/mol)
           Bond            U-B    Proper Dih.  Improper Dih.          LJ-14
    2.27590e+01    3.92752e+01    5.75082e+00    1.11775e+00    3.97712e+01
     Coulomb-14        LJ (SR)   Coulomb (SR)   Coul. recip. Position Rest.
   -5.96738e+02    5.52353e+03   -6.02625e+04    2.10921e+02    4.03521e+00
      Potential    Kinetic En.   Total Energy  Conserved En.    Temperature
   -5.50121e+04    1.00431e+04   -4.49690e+04   -5.14017e+04    3.05376e+02
 Pressure (bar)   Constr. rmsd
   -1.37466e+03    7.95969e-07

           Step           Time
          32000       32.00000

   Energies (kJ/mol)
           Bond            U-B    Proper Dih.  Improper Dih.          LJ-14
    2.48310e+01    4.68479e+01    1.86606e+01    4.22851e+00    4.58227e+01
     Coulomb-14        LJ (SR)   Coulomb (SR)   Coul. recip. Position Rest.
   -6.08375e+02    5.65040e+03   -6.03286e+04    1.96115e+02    3.65186e+00
      Potential    Kinetic En.   Total Energy  Conserved En.    Temperature
   -5.49464e+04    9.78286e+03   -4.51636e+04   -5.14482e+04    2.97461e+02
 Pressure (bar)   Constr. rmsd
   -1.12835e+03    1.03422e-06

           Step           Time
          33000       33.00000

   Energies (kJ/mol)
           Bond            U-B    Proper Dih.  Improper Dih.          LJ-14
    1.48141e+01    2.72064e+01    9.77296e+00    3.35478e+00    5.22285e+01
     Coulomb-14        LJ (SR)   Coulomb (SR)   Coul. recip. Position Rest.
   -5.96666e+02    5.35550e+03   -5.98263e+04    1.67461e+02    1.77281e+00
      Potential    Kinetic En.   Total Energy  Conserved En.    Temperature
   -5.47909e+04    1.00171e+04   -4.47738e+04   -5.14574e+04    3.04584e+02
 Pressure (bar)   Constr. rmsd
   -1.39031e+03    1.11010e-06

           Step           Time
          34000       34.00000

   Energies (kJ/mol)
           Bond            U-B    Proper Dih.  Improper Dih.          LJ-14
    1.93208e+01    3.75110e+01    1.54931e+01    2.24693e+00    5.78042e+01
     Coulomb-14        LJ (SR)   Coulomb (SR)   Coul. recip. Position Rest.
   -5.97326e+02    5.35235e+03   -5.96417e+04    1.77842e+02    9.57489e-01
      Potential    Kinetic En.   Total Energy  Conserved En.    Temperature
   -5.45755e+04    1.01820e+04   -4.43935e+04   -5.14403e+04    3.09598e+02
 Pressure (bar)   Constr. rmsd
   -1.26073e+03    5.88649e-07

           Step           Time
          35000       35.00000

   Energies (kJ/mol)
           Bond            U-B    Proper Dih.  Improper Dih.          LJ-14
    1.68110e+01    5.05701e+01    1.47086e+01    2.23912e-01    4.48631e+01
     Coulomb-14        LJ (SR)   Coulomb (SR)   Coul. recip. Position Rest.
   -5.91889e+02    5.65843e+03   -6.04742e+04    1.85076e+02    2.89355e+00
      Potential    Kinetic En.   Total Energy  Conserved En.    Temperature
   -5.50925e+04    9.87981e+03   -4.52127e+04   -5.13971e+04    3.00409e+02
 Pressure (bar)   Constr. rmsd
   -1.28557e+03    9.52805e-07

           Step           Time
          36000       36.00000

   Energies (kJ/mol)
           Bond            U-B    Proper Dih.  Improper Dih.          LJ-14
    3.37941e+01    3.20003e+01    1.52799e+01    2.28159e+00    3.54724e+01
     Coulomb-14        LJ (SR)   Coulomb (SR)   Coul. recip. Position Rest.
   -5.95487e+02    5.61779e+03   -6.05856e+04    1.97112e+02    1.92033e-01
      Potential    Kinetic En.   Total Energy  Conserved En.    Temperature
   -5.52471e+04    9.97251e+03   -4.52746e+04   -5.14281e+04    3.03228e+02
 Pressure (bar)   Constr. rmsd
   -1.43349e+03    1.07410e-06

           Step           Time
          37000       37.00000

   Energies (kJ/mol)
           Bond            U-B    Proper Dih.  Improper Dih.          LJ-14
    2.38128e+01    3.18253e+01    1.35590e+01    2.22581e+00    4.40557e+01
     Coulomb-14        LJ (SR)   Coulomb (SR)   Coul. recip. Position Rest.
   -5.92249e+02    5.71761e+03   -6.11010e+04    1.91109e+02    1.90375e+00
      Potential    Kinetic En.   Total Energy  Conserved En.    Temperature
   -5.56672e+04    9.48220e+03   -4.61850e+04   -5.15064e+04    2.88319e+02
 Pressure (bar)   Constr. rmsd
   -1.47579e+03    8.05288e-07

           Step           Time
          38000       38.00000

   Energies (kJ/mol)
           Bond            U-B    Proper Dih.  Improper Dih.          LJ-14
    1.69610e+01    5.73977e+01    1.24615e+01    9.43381e+00    6.31470e+01
     Coulomb-14        LJ (SR)   Coulomb (SR)   Coul. recip. Position Rest.
   -6.02559e+02    5.84750e+03   -6.07082e+04    2.14651e+02    4.27944e+00
      Potential    Kinetic En.   Total Energy  Conserved En.    Temperature
   -5.50850e+04    9.89822e+03   -4.51867e+04   -5.15369e+04    3.00969e+02
 Pressure (bar)   Constr. rmsd
   -6.57098e+02    7.62691e-07

           Step           Time
          39000       39.00000

   Energies (kJ/mol)
           Bond            U-B    Proper Dih.  Improper Dih.          LJ-14
    1.59449e+01    5.59531e+01    1.56097e+01    3.20028e+00    5.20555e+01
     Coulomb-14        LJ (SR)   Coulomb (SR)   Coul. recip. Position Rest.
   -5.95719e+02    5.54233e+03   -6.04577e+04    1.94141e+02    2.37847e+00
      Potential    Kinetic En.   Total Energy  Conserved En.    Temperature
   -5.51718e+04    9.78163e+03   -4.53902e+04   -5.16458e+04    2.97424e+02
 Pressure (bar)   Constr. rmsd
   -1.35030e+03    8.44902e-07

           Step           Time
          40000       40.00000

   Energies (kJ/mol)
           Bond            U-B    Proper Dih.  Improper Dih.          LJ-14
    1.83664e+01    3.85500e+01    1.66638e+01    5.77648e+00    4.32941e+01
     Coulomb-14        LJ (SR)   Coulomb (SR)   Coul. recip. Position Rest.
   -5.90163e+02    5.73529e+03   -6.01427e+04    1.95079e+02    1.37407e+00
      Potential    Kinetic En.   Total Energy  Conserved En.    Temperature
   -5.46785e+04    1.02640e+04   -4.44144e+04   -5.15276e+04    3.12092e+02
 Pressure (bar)   Constr. rmsd
   -8.70833e+02    1.08091e-06

           Step           Time
          41000       41.00000

   Energies (kJ/mol)
           Bond            U-B    Proper Dih.  Improper Dih.          LJ-14
    4.29541e+01    6.02259e+01    1.07495e+01    2.10901e+00    3.88811e+01
     Coulomb-14        LJ (SR)   Coulomb (SR)   Coul. recip. Position Rest.
   -5.98898e+02    5.56386e+03   -5.99984e+04    1.95337e+02    4.28414e+00
      Potential    Kinetic En.   Total Energy  Conserved En.    Temperature
   -5.46789e+04    9.99061e+03   -4.46883e+04   -5.14827e+04    3.03778e+02
 Pressure (bar)   Constr. rmsd
   -1.11115e+03    9.75042e-07

           Step           Time
          42000       42.00000

   Energies (kJ/mol)
           Bond            U-B    Proper Dih.  Improper Dih.          LJ-14
    1.50480e+01    2.58030e+01    9.84293e+00    6.60640e+00    4.54397e+01
     Coulomb-14        LJ (SR)   Coulomb (SR)   Coul. recip. Position Rest.
   -5.99348e+02    5.42765e+03   -6.00200e+04    2.10955e+02    1.72284e+00
      Potential    Kinetic En.   Total Energy  Conserved En.    Temperature
   -5.48763e+04    1.00677e+04   -4.48086e+04   -5.13768e+04    3.06122e+02
 Pressure (bar)   Constr. rmsd
   -1.44174e+03    1.19527e-06

           Step           Time
          43000       43.00000

   Energies (kJ/mol)
           Bond            U-B    Proper Dih.  Improper Dih.          LJ-14
    1.78771e+01    4.03943e+01    1.30129e+01    2.07148e+00    5.67976e+01
     Coulomb-14        LJ (SR)   Coulomb (SR)   Coul. recip. Position Rest.
   -5.93208e+02    5.71511e+03   -6.05045e+04    1.81589e+02    3.73734e+00
      Potential    Kinetic En.   Total Energy  Conserved En.    Temperature
   -5.50671e+04    1.00644e+04   -4.50027e+04   -5.14024e+04    3.06021e+02
 Pressure (bar)   Constr. rmsd
   -1.03659e+03    8.93009e-07

           Step           Time
          44000       44.00000

   Energies (kJ/mol)
           Bond            U-B    Proper Dih.  Improper Dih.          LJ-14
    2.72704e+01    3.72108e+01    1.23717e+01    2.08431e+00    4.56807e+01
     Coulomb-14        LJ (SR)   Coulomb (SR)   Coul. recip. Position Rest.
   -5.98874e+02    5.69219e+03   -6.06362e+04    2.13745e+02    7.37992e+00
      Potential    Kinetic En.   Total Energy  Conserved En.    Temperature
   -5.51971e+04    9.77417e+03   -4.54230e+04   -5.14888e+04    2.97197e+02
 Pressure (bar)   Constr. rmsd
   -1.29500e+03    1.11127e-06

           Step           Time
          45000       45.00000

   Energies (kJ/mol)
           Bond            U-B    Proper Dih.  Improper Dih.          LJ-14
    4.01106e+01    5.21413e+01    1.30337e+01    2.55063e+00    3.75370e+01
     Coulomb-14        LJ (SR)   Coulomb (SR)   Coul. recip. Position Rest.
   -5.93384e+02    5.38581e+03   -6.05104e+04    1.73200e+02    1.26110e+01
      Potential    Kinetic En.   Total Energy  Conserved En.    Temperature
   -5.53868e+04    1.00434e+04   -4.53434e+04   -5.14711e+04    3.05384e+02
 Pressure (bar)   Constr. rmsd
   -1.87755e+03    1.14041e-06

           Step           Time
          46000       46.00000

   Energies (kJ/mol)
           Bond            U-B    Proper Dih.  Improper Dih.          LJ-14
    3.66900e+01    6.04433e+01    7.70688e+00    1.30176e+01    4.14529e+01
     Coulomb-14        LJ (SR)   Coulomb (SR)   Coul. recip. Position Rest.
   -6.00762e+02    5.79414e+03   -6.04997e+04    1.96846e+02    1.32540e+01
      Potential    Kinetic En.   Total Energy  Conserved En.    Temperature
   -5.49369e+04    9.98260e+03   -4.49543e+04   -5.15719e+04    3.03535e+02
 Pressure (bar)   Constr. rmsd
   -9.72592e+02    5.38205e-07

           Step           Time
          47000       47.00000

   Energies (kJ/mol)
           Bond            U-B    Proper Dih.  Improper Dih.          LJ-14
    1.50694e+01    3.49517e+01    1.05502e+01    2.98656e+00    4.02269e+01
     Coulomb-14        LJ (SR)   Coulomb (SR)   Coul. recip. Position Rest.
   -5.91069e+02    5.59216e+03   -6.02696e+04    1.85128e+02    3.88386e+00
      Potential    Kinetic En.   Total Energy  Conserved En.    Temperature
   -5.49757e+04    9.88337e+03   -4.50924e+04   -5.15227e+04    3.00517e+02
 Pressure (bar)   Constr. rmsd
   -1.44588e+03    8.41812e-07

           Step           Time
          48000       48.00000

   Energies (kJ/mol)
           Bond            U-B    Proper Dih.  Improper Dih.          LJ-14
    1.42565e+01    2.34611e+01    8.06237e+00    1.26902e+00    5.16799e+01
     Coulomb-14        LJ (SR)   Coulomb (SR)   Coul. recip. Position Rest.
   -5.96695e+02    5.82245e+03   -6.06487e+04    1.80979e+02    1.87333e+00
      Potential    Kinetic En.   Total Energy  Conserved En.    Temperature
   -5.51413e+04    1.03452e+04   -4.47961e+04   -5.15769e+04    3.14560e+02
 Pressure (bar)   Constr. rmsd
   -6.69008e+02    6.83594e-07

           Step           Time
          49000       49.00000

   Energies (kJ/mol)
           Bond            U-B    Proper Dih.  Improper Dih.          LJ-14
    8.53320e+00    3.45905e+01    1.37254e+01    8.06594e-01    5.42367e+01
     Coulomb-14        LJ (SR)   Coulomb (SR)   Coul. recip. Position Rest.
   -5.93370e+02    5.71658e+03   -6.05449e+04    1.72665e+02    2.17054e+00
      Potential    Kinetic En.   Total Energy  Conserved En.    Temperature
   -5.51350e+04    9.97424e+03   -4.51607e+04   -5.16218e+04    3.03280e+02
 Pressure (bar)   Constr. rmsd
   -9.60443e+02    6.53480e-07

           Step           Time
          50000       50.00000

   Energies (kJ/mol)
           Bond            U-B    Proper Dih.  Improper Dih.          LJ-14
    7.38704e+00    2.00941e+01    6.98125e+00    3.06732e+00    5.27324e+01
     Coulomb-14        LJ (SR)   Coulomb (SR)   Coul. recip. Position Rest.
   -6.02285e+02    5.83384e+03   -6.08051e+04    1.90827e+02    2.30340e+01
      Potential    Kinetic En.   Total Energy  Conserved En.    Temperature
   -5.52695e+04    9.72692e+03   -4.55425e+04   -5.16367e+04    2.95760e+02
 Pressure (bar)   Constr. rmsd
   -9.09615e+02    5.46502e-07

           Step           Time
          51000       51.00000

   Energies (kJ/mol)
           Bond            U-B    Proper Dih.  Improper Dih.          LJ-14
    2.24773e+01    2.80178e+01    2.45450e+01    2.18735e+00    4.12480e+01
     Coulomb-14        LJ (SR)   Coulomb (SR)   Coul. recip. Position Rest.
   -5.97098e+02    5.73230e+03   -6.08487e+04    1.89798e+02    7.34770e+00
      Potential    Kinetic En.   Total Energy  Conserved En.    Temperature
   -5.53979e+04    9.89575e+03   -4.55021e+04   -5.17149e+04    3.00894e+02
 Pressure (bar)   Constr. rmsd
   -1.09484e+03    7.89096e-07

           Step           Time
          52000       52.00000

   Energies (kJ/mol)
           Bond            U-B    Proper Dih.  Improper Dih.          LJ-14
    4.57277e+01    6.91321e+01    2.53280e+01    2.58967e+00    3.91679e+01
     Coulomb-14        LJ (SR)   Coulomb (SR)   Coul. recip. Position Rest.
   -5.98927e+02    5.35327e+03   -6.00072e+04    1.88596e+02    1.81978e+00
      Potential    Kinetic En.   Total Energy  Conserved En.    Temperature
   -5.48805e+04    9.96739e+03   -4.49131e+04   -5.16613e+04    3.03072e+02
 Pressure (bar)   Constr. rmsd
   -1.61329e+03    8.60869e-07

           Step           Time
          53000       53.00000

   Energies (kJ/mol)
           Bond            U-B    Proper Dih.  Improper Dih.          LJ-14
    1.66283e+01    4.81089e+01    7.18417e+00    2.58772e+00    4.06395e+01
     Coulomb-14        LJ (SR)   Coulomb (SR)   Coul. recip. Position Rest.
   -5.91420e+02    5.42098e+03   -6.00911e+04    2.22367e+02    2.83010e+00
      Potential    Kinetic En.   Total Energy  Conserved En.    Temperature
   -5.49212e+04    9.75782e+03   -4.51634e+04   -5.16386e+04    2.96700e+02
 Pressure (bar)   Constr. rmsd
   -1.30562e+03    7.15090e-07

           Step           Time
          54000       54.00000

   Energies (kJ/mol)
           Bond            U-B    Proper Dih.  Improper Dih.          LJ-14
    1.25712e+01    3.17493e+01    2.60577e+01    7.00546e+00    5.59314e+01
     Coulomb-14        LJ (SR)   Coulomb (SR)   Coul. recip. Position Rest.
   -5.94182e+02    6.20518e+03   -6.15082e+04    1.95213e+02    3.04128e+00
      Potential    Kinetic En.   Total Energy  Conserved En.    Temperature
   -5.55656e+04    9.76793e+03   -4.57977e+04   -5.17234e+04    2.97007e+02
 Pressure (bar)   Constr. rmsd
   -6.22739e+02    6.77154e-07

           Step           Time
          55000       55.00000

   Energies (kJ/mol)
           Bond            U-B    Proper Dih.  Improper Dih.          LJ-14
    1.75102e+01    4.16695e+01    1.06270e+01    2.30466e+00    4.16615e+01
     Coulomb-14        LJ (SR)   Coulomb (SR)   Coul. recip. Position Rest.
   -5.97751e+02    5.76226e+03   -6.07363e+04    2.04296e+02    2.25860e+00
      Potential    Kinetic En.   Total Energy  Conserved En.    Temperature
   -5.52514e+04    9.95048e+03   -4.53010e+04   -5.17460e+04    3.02558e+02
 Pressure (bar)   Constr. rmsd
   -1.14793e+03    8.76952e-07

           Step           Time
          56000       56.00000

   Energies (kJ/mol)
           Bond            U-B    Proper Dih.  Improper Dih.          LJ-14
    3.44383e+01    4.42883e+01    1.42226e+01    6.99452e+00    3.71736e+01
     Coulomb-14        LJ (SR)   Coulomb (SR)   Coul. recip. Position Rest.
   -6.03808e+02    5.60523e+03   -6.00640e+04    2.15905e+02    6.40779e+00
      Potential    Kinetic En.   Total Energy  Conserved En.    Temperature
   -5.47032e+04    1.00149e+04   -4.46883e+04   -5.16553e+04    3.04516e+02
 Pressure (bar)   Constr. rmsd
   -1.14458e+03    6.16363e-07

           Step           Time
          57000       57.00000

   Energies (kJ/mol)
           Bond            U-B    Proper Dih.  Improper Dih.          LJ-14
    1.23826e+01    3.72497e+01    1.46072e+01    5.14459e+00    4.83428e+01
     Coulomb-14        LJ (SR)   Coulomb (SR)   Coul. recip. Position Rest.
   -6.01939e+02    6.13219e+03   -6.09911e+04    2.07135e+02    9.95321e-01
      Potential    Kinetic En.   Total Energy  Conserved En.    Temperature
   -5.51350e+04    9.95655e+03   -4.51784e+04   -5.17499e+04    3.02743e+02
 Pressure (bar)   Constr. rmsd
   -5.93001e+02    8.88489e-07

           Step           Time
          58000       58.00000

   Energies (kJ/mol)
           Bond            U-B    Proper Dih.  Improper Dih.          LJ-14
    8.52158e+00    5.21090e+01    8.90032e+00    3.73866e+00    5.51409e+01
     Coulomb-14        LJ (SR)   Coulomb (SR)   Coul. recip. Position Rest.
   -5.98316e+02    5.69149e+03   -6.02284e+04    1.79355e+02    2.66462e+00
      Potential    Kinetic En.   Total Energy  Conserved En.    Temperature
   -5.48248e+04    1.00112e+04   -4.48137e+04   -5.17602e+04    3.04403e+02
 Pressure (bar)   Constr. rmsd
   -8.95628e+02    9.12944e-07

           Step           Time
          59000       59.00000

   Energies (kJ/mol)
           Bond            U-B    Proper Dih.  Improper Dih.          LJ-14
    1.40211e+01    5.28891e+01    1.43054e+01    5.53077e+00    5.63468e+01
     Coulomb-14        LJ (SR)   Coulomb (SR)   Coul. recip. Position Rest.
   -6.03320e+02    5.73745e+03   -6.06596e+04    2.00160e+02    5.68219e+00
      Potential    Kinetic En.   Total Energy  Conserved En.    Temperature
   -5.51765e+04    1.02635e+04   -4.49130e+04   -5.17841e+04    3.12075e+02
 Pressure (bar)   Constr. rmsd
   -8.77475e+02    8.84481e-07

           Step           Time
          60000       60.00000

   Energies (kJ/mol)
           Bond            U-B    Proper Dih.  Improper Dih.          LJ-14
    2.36871e+01    4.52058e+01    1.08719e+01    3.49676e+00    4.12883e+01
     Coulomb-14        LJ (SR)   Coulomb (SR)   Coul. recip. Position Rest.
   -5.96996e+02    5.75296e+03   -6.02991e+04    1.77809e+02    5.20160e+00
      Potential    Kinetic En.   Total Energy  Conserved En.    Temperature
   -5.48356e+04    1.01410e+04   -4.46946e+04   -5.18276e+04    3.08352e+02
 Pressure (bar)   Constr. rmsd
   -9.70589e+02    9.76013e-07

           Step           Time
          61000       61.00000

   Energies (kJ/mol)
           Bond            U-B    Proper Dih.  Improper Dih.          LJ-14
    3.73695e+01    3.55197e+01    9.12941e+00    2.10705e+00    3.04289e+01
     Coulomb-14        LJ (SR)   Coulomb (SR)   Coul. recip. Position Rest.
   -5.87861e+02    5.77381e+03   -6.03427e+04    2.04254e+02    1.35266e+00
      Potential    Kinetic En.   Total Energy  Conserved En.    Temperature
   -5.48366e+04    1.00953e+04   -4.47412e+04   -5.17707e+04    3.06961e+02
 Pressure (bar)   Constr. rmsd
   -1.22571e+03    1.29165e-06

           Step           Time
          62000       62.00000

   Energies (kJ/mol)
           Bond            U-B    Proper Dih.  Improper Dih.          LJ-14
    1.19266e+01    2.24871e+01    1.50001e+01    4.17626e+00    4.47676e+01
     Coulomb-14        LJ (SR)   Coulomb (SR)   Coul. recip. Position Rest.
   -5.91113e+02    5.58243e+03   -5.98138e+04    1.79148e+02    1.10816e+00
      Potential    Kinetic En.   Total Energy  Conserved En.    Temperature
   -5.45438e+04    9.85708e+03   -4.46868e+04   -5.18231e+04    2.99718e+02
 Pressure (bar)   Constr. rmsd
   -1.05788e+03    9.80492e-07

           Step           Time
          63000       63.00000

   Energies (kJ/mol)
           Bond            U-B    Proper Dih.  Improper Dih.          LJ-14
    1.40297e+01    4.49112e+01    3.71963e+01    6.97627e+00    6.17867e+01
     Coulomb-14        LJ (SR)   Coulomb (SR)   Coul. recip. Position Rest.
   -5.92878e+02    5.33175e+03   -6.02787e+04    2.06121e+02    2.70155e+00
      Potential    Kinetic En.   Total Energy  Conserved En.    Temperature
   -5.51661e+04    9.95047e+03   -4.52157e+04   -5.18288e+04    3.02558e+02
 Pressure (bar)   Constr. rmsd
   -1.50845e+03    9.81337e-07

           Step           Time
          64000       64.00000

   Energies (kJ/mol)
           Bond            U-B    Proper Dih.  Improper Dih.          LJ-14
    1.71317e+01    3.62049e+01    6.49230e+00    6.09421e-01    4.35506e+01
     Coulomb-14        LJ (SR)   Coulomb (SR)   Coul. recip. Position Rest.
   -5.95550e+02    5.87552e+03   -6.03904e+04    2.10577e+02    3.37015e+00
      Potential    Kinetic En.   Total Energy  Conserved En.    Temperature
   -5.47925e+04    9.77671e+03   -4.50157e+04   -5.18620e+04    2.97274e+02
 Pressure (bar)   Constr. rmsd
   -8.89387e+02    9.48944e-07

           Step           Time
          65000       65.00000

   Energies (kJ/mol)
           Bond            U-B    Proper Dih.  Improper Dih.          LJ-14
    4.98842e+01    5.15286e+01    2.05541e+01    2.02305e+00    3.13398e+01
     Coulomb-14        LJ (SR)   Coulomb (SR)   Coul. recip. Position Rest.
   -6.03390e+02    5.78880e+03   -6.04791e+04    1.89168e+02    2.77907e+00
      Potential    Kinetic En.   Total Energy  Conserved En.    Temperature
   -5.49464e+04    9.94312e+03   -4.50033e+04   -5.18208e+04    3.02334e+02
 Pressure (bar)   Constr. rmsd
   -1.33053e+03    9.24801e-07

           Step           Time
          66000       66.00000

   Energies (kJ/mol)
           Bond            U-B    Proper Dih.  Improper Dih.          LJ-14
    3.32650e+01    3.64926e+01    7.81337e+00    2.22594e+00    3.91406e+01
     Coulomb-14        LJ (SR)   Coulomb (SR)   Coul. recip. Position Rest.
   -5.98104e+02    5.38888e+03   -5.98838e+04    1.76761e+02    2.89786e+00
      Potential    Kinetic En.   Total Energy  Conserved En.    Temperature
   -5.47944e+04    9.80584e+03   -4.49886e+04   -5.18938e+04    2.98160e+02
 Pressure (bar)   Constr. rmsd
   -1.54914e+03    8.69356e-07

           Step           Time
          67000       67.00000

   Energies (kJ/mol)
           Bond            U-B    Proper Dih.  Improper Dih.          LJ-14
    1.44604e+01    4.31626e+01    7.67981e+00    1.14742e+01    6.30936e+01
     Coulomb-14        LJ (SR)   Coulomb (SR)   Coul. recip. Position Rest.
   -5.96878e+02    5.61714e+03   -6.03989e+04    1.91295e+02    4.82015e+00
      Potential    Kinetic En.   Total Energy  Conserved En.    Temperature
   -5.50426e+04    1.00078e+04   -4.50348e+04   -5.18261e+04    3.04302e+02
 Pressure (bar)   Constr. rmsd
   -1.00491e+03    7.27567e-07

           Step           Time
          68000       68.00000

   Energies (kJ/mol)
           Bond            U-B    Proper Dih.  Improper Dih.          LJ-14
    1.96294e+01    4.35169e+01    9.55332e+00    5.06928e+00    7.32183e+01
     Coulomb-14        LJ (SR)   Coulomb (SR)   Coul. recip. Position Rest.
   -5.98691e+02    5.65201e+03   -6.05018e+04    1.95797e+02    5.94305e+00
      Potential    Kinetic En.   Total Energy  Conserved En.    Temperature
   -5.50957e+04    9.80671e+03   -4.52890e+04   -5.18726e+04    2.98186e+02
 Pressure (bar)   Constr. rmsd
   -9.62631e+02    9.19536e-07

           Step           Time
          69000       69.00000

   Energies (kJ/mol)
           Bond            U-B    Proper Dih.  Improper Dih.          LJ-14
    2.20207e+01    3.54039e+01    6.59541e+00    1.10897e+00    4.03461e+01
     Coulomb-14        LJ (SR)   Coulomb (SR)   Coul. recip. Position Rest.
   -5.88419e+02    5.54437e+03   -6.02278e+04    1.85785e+02    3.97896e+00
      Potential    Kinetic En.   Total Energy  Conserved En.    Temperature
   -5.49766e+04    9.79806e+03   -4.51785e+04   -5.19079e+04    2.97923e+02
 Pressure (bar)   Constr. rmsd
   -1.53707e+03    1.05227e-06

Large VCM(group SOLU):     -0.42974,     -0.20496,     -0.39186, Temp-cm:  1.10008e+00
           Step           Time
          70000       70.00000

   Energies (kJ/mol)
           Bond            U-B    Proper Dih.  Improper Dih.          LJ-14
    7.35397e+01    6.27473e+01    8.17916e+00    5.28668e+00    3.01882e+01
     Coulomb-14        LJ (SR)   Coulomb (SR)   Coul. recip. Position Rest.
   -6.06683e+02    5.86137e+03   -6.02793e+04    1.95307e+02    5.08270e+00
      Potential    Kinetic En.   Total Energy  Conserved En.    Temperature
   -5.46443e+04    1.01104e+04   -4.45339e+04   -5.19334e+04    3.07420e+02
 Pressure (bar)   Constr. rmsd
   -8.05431e+02    1.27736e-06

           Step           Time
          71000       71.00000

   Energies (kJ/mol)
           Bond            U-B    Proper Dih.  Improper Dih.          LJ-14
    4.73301e+01    6.62967e+01    9.48014e+00    5.05323e+00    3.06525e+01
     Coulomb-14        LJ (SR)   Coulomb (SR)   Coul. recip. Position Rest.
   -5.96826e+02    5.49854e+03   -6.01629e+04    1.83546e+02    6.07218e+00
      Potential    Kinetic En.   Total Energy  Conserved En.    Temperature
   -5.49128e+04    9.93768e+03   -4.49751e+04   -5.18901e+04    3.02169e+02
 Pressure (bar)   Constr. rmsd
   -1.46277e+03    7.42550e-07

           Step           Time
          72000       72.00000

   Energies (kJ/mol)
           Bond            U-B    Proper Dih.  Improper Dih.          LJ-14
    1.37664e+01    2.66315e+01    6.11780e+00    3.87695e+00    4.78293e+01
     Coulomb-14        LJ (SR)   Coulomb (SR)   Coul. recip. Position Rest.
   -6.01517e+02    5.06768e+03   -5.97424e+04    2.08333e+02    7.53194e+00
      Potential    Kinetic En.   Total Energy  Conserved En.    Temperature
   -5.49621e+04    9.76792e+03   -4.51942e+04   -5.19676e+04    2.97007e+02
 Pressure (bar)   Constr. rmsd
   -2.12751e+03    8.91815e-07

           Step           Time
          73000       73.00000

   Energies (kJ/mol)
           Bond            U-B    Proper Dih.  Improper Dih.          LJ-14
    9.94105e+00    5.00178e+01    7.84167e+00    3.51264e+00    6.84947e+01
     Coulomb-14        LJ (SR)   Coulomb (SR)   Coul. recip. Position Rest.
   -5.95732e+02    5.50284e+03   -6.00460e+04    1.89913e+02    1.01882e+01
      Potential    Kinetic En.   Total Energy  Conserved En.    Temperature
   -5.47989e+04    1.00889e+04   -4.47100e+04   -5.19755e+04    3.06768e+02
 Pressure (bar)   Constr. rmsd
   -1.11641e+03    9.29909e-07

           Step           Time
          74000       74.00000

   Energies (kJ/mol)
           Bond            U-B    Proper Dih.  Improper Dih.          LJ-14
    5.64092e+00    4.20412e+01    1.38965e+01    4.33661e+00    6.61089e+01
     Coulomb-14        LJ (SR)   Coulomb (SR)   Coul. recip. Position Rest.
   -5.91522e+02    5.53418e+03   -5.98748e+04    2.09486e+02    8.16598e+00
      Potential    Kinetic En.   Total Energy  Conserved En.    Temperature
   -5.45825e+04    1.00571e+04   -4.45254e+04   -5.19445e+04    3.05799e+02
 Pressure (bar)   Constr. rmsd
   -1.06458e+03    1.25971e-06

           Step           Time
          75000       75.00000

   Energies (kJ/mol)
           Bond            U-B    Proper Dih.  Improper Dih.          LJ-14
    1.27133e+01    3.25050e+01    4.74649e+00    5.79639e+00    4.46254e+01
     Coulomb-14        LJ (SR)   Coulomb (SR)   Coul. recip. Position Rest.
   -5.93215e+02    5.91066e+03   -6.09318e+04    1.94030e+02    9.31336e+00
      Potential    Kinetic En.   Total Energy  Conserved En.    Temperature
   -5.53107e+04    9.93671e+03   -4.53740e+04   -5.19086e+04    3.02139e+02
 Pressure (bar)   Constr. rmsd
   -9.08449e+02    1.03422e-06

           Step           Time
          76000       76.00000

   Energies (kJ/mol)
           Bond            U-B    Proper Dih.  Improper Dih.          LJ-14
    4.67723e+01    4.69624e+01    1.00304e+01    2.02320e+00    3.16632e+01
     Coulomb-14        LJ (SR)   Coulomb (SR)   Coul. recip. Position Rest.
   -6.07760e+02    5.66248e+03   -6.08529e+04    1.93662e+02    8.92292e+00
      Potential    Kinetic En.   Total Energy  Conserved En.    Temperature
   -5.54581e+04    9.83627e+03   -4.56218e+04   -5.19688e+04    2.99085e+02
 Pressure (bar)   Constr. rmsd
   -1.42614e+03    6.50938e-07

           Step           Time
          77000       77.00000

   Energies (kJ/mol)
           Bond            U-B    Proper Dih.  Improper Dih.          LJ-14
    6.67675e+01    5.44786e+01    2.72326e+01    1.49371e+00    2.47316e+01
     Coulomb-14        LJ (SR)   Coulomb (SR)   Coul. recip. Position Rest.
   -5.93809e+02    5.91099e+03   -6.09743e+04    2.13479e+02    2.20818e+00
      Potential    Kinetic En.   Total Energy  Conserved En.    Temperature
   -5.52668e+04    1.02242e+04   -4.50425e+04   -5.20363e+04    3.10882e+02
 Pressure (bar)   Constr. rmsd
   -1.12613e+03    8.42094e-07

           Step           Time
          78000       78.00000

   Energies (kJ/mol)
           Bond            U-B    Proper Dih.  Improper Dih.          LJ-14
    1.50013e+01    4.19947e+01    7.87294e+00    3.73377e-01    4.39975e+01
     Coulomb-14        LJ (SR)   Coulomb (SR)   Coul. recip. Position Rest.
   -5.94463e+02    5.73305e+03   -6.02400e+04    1.92080e+02    1.57321e+00
      Potential    Kinetic En.   Total Energy  Conserved En.    Temperature
   -5.47986e+04    1.00252e+04   -4.47733e+04   -5.20400e+04    3.04831e+02
 Pressure (bar)   Constr. rmsd
   -9.79725e+02    7.34855e-07

           Step           Time
          79000       79.00000

   Energies (kJ/mol)
           Bond            U-B    Proper Dih.  Improper Dih.          LJ-14
    1.48870e+01    4.38106e+01    5.75368e+00    3.67234e-01    6.64040e+01
     Coulomb-14        LJ (SR)   Coulomb (SR)   Coul. recip. Position Rest.
   -5.97841e+02    5.56283e+03   -6.01568e+04    2.12611e+02    5.54706e+00
      Potential    Kinetic En.   Total Energy  Conserved En.    Temperature
   -5.48425e+04    9.91439e+03   -4.49281e+04   -5.20185e+04    3.01461e+02
 Pressure (bar)   Constr. rmsd
   -9.71091e+02    5.57232e-07

           Step           Time
          80000       80.00000

   Energies (kJ/mol)
           Bond            U-B    Proper Dih.  Improper Dih.          LJ-14
    1.13311e+01    4.70209e+01    1.16663e+01    1.95896e+00    5.54940e+01
     Coulomb-14        LJ (SR)   Coulomb (SR)   Coul. recip. Position Rest.
   -6.01921e+02    5.75796e+03   -6.05491e+04    2.11929e+02    5.36279e+00
      Potential    Kinetic En.   Total Energy  Conserved En.    Temperature
   -5.50483e+04    1.01186e+04   -4.49297e+04   -5.20331e+04    3.07670e+02
 Pressure (bar)   Constr. rmsd
   -8.80358e+02    6.23432e-07

           Step           Time
          81000       81.00000

   Energies (kJ/mol)
           Bond            U-B    Proper Dih.  Improper Dih.          LJ-14
    4.15781e+01    6.30139e+01    1.99441e+01    9.21134e+00    3.39711e+01
     Coulomb-14        LJ (SR)   Coulomb (SR)   Coul. recip. Position Rest.
   -5.94690e+02    5.53667e+03   -6.02881e+04    2.00034e+02    3.06996e+00
      Potential    Kinetic En.   Total Energy  Conserved En.    Temperature
   -5.49753e+04    1.01655e+04   -4.48098e+04   -5.20095e+04    3.09095e+02
 Pressure (bar)   Constr. rmsd
   -1.40567e+03    6.79249e-07

           Step           Time
          82000       82.00000

   Energies (kJ/mol)
           Bond            U-B    Proper Dih.  Improper Dih.          LJ-14
    3.11186e+01    5.40033e+01    1.73544e+01    6.22926e+00    3.49777e+01
     Coulomb-14        LJ (SR)   Coulomb (SR)   Coul. recip. Position Rest.
   -5.94867e+02    5.65578e+03   -6.00775e+04    2.13042e+02    5.13189e+00
      Potential    Kinetic En.   Total Energy  Conserved En.    Temperature
   -5.46548e+04    9.81478e+03   -4.48400e+04   -5.20287e+04    2.98432e+02
 Pressure (bar)   Constr. rmsd
   -9.89616e+02    1.10013e-06

           Step           Time
          83000       83.00000

   Energies (kJ/mol)
           Bond            U-B    Proper Dih.  Improper Dih.          LJ-14
    1.10631e+01    3.86696e+01    1.72207e+01    7.73344e+00    6.09211e+01
     Coulomb-14        LJ (SR)   Coulomb (SR)   Coul. recip. Position Rest.
   -5.96662e+02    5.27703e+03   -5.96849e+04    2.19717e+02    7.47627e+00
      Potential    Kinetic En.   Total Energy  Conserved En.    Temperature
   -5.46417e+04    9.89578e+03   -4.47459e+04   -5.20272e+04    3.00895e+02
 Pressure (bar)   Constr. rmsd
   -1.55388e+03    6.58714e-07

           Step           Time
          84000       84.00000

   Energies (kJ/mol)
           Bond            U-B    Proper Dih.  Improper Dih.          LJ-14
    1.00564e+01    4.55174e+01    2.09806e+01    1.37402e+00    6.89313e+01
     Coulomb-14        LJ (SR)   Coulomb (SR)   Coul. recip. Position Rest.
   -5.96865e+02    5.30523e+03   -5.98744e+04    1.94635e+02    9.68689e+00
      Potential    Kinetic En.   Total Energy  Conserved En.    Temperature
   -5.48149e+04    1.00491e+04   -4.47658e+04   -5.20381e+04    3.05556e+02
 Pressure (bar)   Constr. rmsd
   -1.36414e+03    7.52688e-07

           Step           Time
          85000       85.00000

   Energies (kJ/mol)
           Bond            U-B    Proper Dih.  Improper Dih.          LJ-14
    3.02375e+01    3.28731e+01    1.28169e+01    4.56419e+00    3.66006e+01
     Coulomb-14        LJ (SR)   Coulomb (SR)   Coul. recip. Position Rest.
   -6.01320e+02    5.29779e+03   -6.01664e+04    1.93601e+02    6.30984e+00
      Potential    Kinetic En.   Total Energy  Conserved En.    Temperature
   -5.51529e+04    1.00876e+04   -4.50653e+04   -5.19880e+04    3.06728e+02
 Pressure (bar)   Constr. rmsd
   -1.77916e+03    7.25775e-07

           Step           Time
          86000       86.00000

   Energies (kJ/mol)
           Bond            U-B    Proper Dih.  Improper Dih.          LJ-14
    6.72533e+01    5.38763e+01    1.52130e+01    2.22832e+00    2.50209e+01
     Coulomb-14        LJ (SR)   Coulomb (SR)   Coul. recip. Position Rest.
   -5.93643e+02    5.93286e+03   -6.11581e+04    1.71093e+02    2.43993e+00
      Potential    Kinetic En.   Total Energy  Conserved En.    Temperature
   -5.54818e+04    9.74681e+03   -4.57350e+04   -5.19574e+04    2.96365e+02
 Pressure (bar)   Constr. rmsd
   -1.43671e+03    6.26463e-07

           Step           Time
          87000       87.00000

   Energies (kJ/mol)
           Bond            U-B    Proper Dih.  Improper Dih.          LJ-14
    4.24676e+01    2.85816e+01    8.07528e+00    2.61758e+00    3.19855e+01
     Coulomb-14        LJ (SR)   Coulomb (SR)   Coul. recip. Position Rest.
   -5.97342e+02    5.22570e+03   -6.05437e+04    2.04658e+02    8.06040e+00
      Potential    Kinetic En.   Total Energy  Conserved En.    Temperature
   -5.55889e+04    9.84516e+03   -4.57438e+04   -5.19852e+04    2.99355e+02
 Pressure (bar)   Constr. rmsd
   -2.27598e+03    4.63488e-07

           Step           Time
          88000       88.00000

   Energies (kJ/mol)
           Bond            U-B    Proper Dih.  Improper Dih.          LJ-14
    1.07520e+01    3.77960e+01    9.81723e+00    5.26431e+00    5.90443e+01
     Coulomb-14        LJ (SR)   Coulomb (SR)   Coul. recip. Position Rest.
   -6.02269e+02    5.58578e+03   -6.08547e+04    1.87118e+02    4.90518e+00
      Potential    Kinetic En.   Total Energy  Conserved En.    Temperature
   -5.55565e+04    9.71264e+03   -4.58439e+04   -5.21193e+04    2.95326e+02
 Pressure (bar)   Constr. rmsd
   -1.55400e+03    8.03226e-07

           Step           Time
          89000       89.00000

   Energies (kJ/mol)
           Bond            U-B    Proper Dih.  Improper Dih.          LJ-14
    2.62838e+01    3.34910e+01    2.83808e+01    1.29637e+00    7.88872e+01
     Coulomb-14        LJ (SR)   Coulomb (SR)   Coul. recip. Position Rest.
   -6.01486e+02    6.09240e+03   -6.12835e+04    2.03549e+02    8.68949e+00
      Potential    Kinetic En.   Total Energy  Conserved En.    Temperature
   -5.54120e+04    9.97007e+03   -4.54419e+04   -5.21381e+04    3.03154e+02
 Pressure (bar)   Constr. rmsd
   -5.83273e+02    7.58799e-07

           Step           Time
          90000       90.00000

   Energies (kJ/mol)
           Bond            U-B    Proper Dih.  Improper Dih.          LJ-14
    1.98832e+01    2.38309e+01    1.41272e+01    7.35527e+00    5.12914e+01
     Coulomb-14        LJ (SR)   Coulomb (SR)   Coul. recip. Position Rest.
   -5.97335e+02    5.80235e+03   -6.08848e+04    1.79750e+02    3.79055e+00
      Potential    Kinetic En.   Total Energy  Conserved En.    Temperature
   -5.53798e+04    9.80067e+03   -4.55791e+04   -5.21945e+04    2.98003e+02
 Pressure (bar)   Constr. rmsd
   -1.03444e+03    7.08769e-07

           Step           Time
          91000       91.00000

   Energies (kJ/mol)
           Bond            U-B    Proper Dih.  Improper Dih.          LJ-14
    5.31131e+01    2.83982e+01    4.11500e+01    4.10031e+00    2.77245e+01
     Coulomb-14        LJ (SR)   Coulomb (SR)   Coul. recip. Position Rest.
   -5.97504e+02    5.21956e+03   -6.01501e+04    1.86501e+02    9.82080e+00
      Potential    Kinetic En.   Total Energy  Conserved En.    Temperature
   -5.51772e+04    9.74120e+03   -4.54360e+04   -5.21232e+04    2.96194e+02
 Pressure (bar)   Constr. rmsd
   -2.26604e+03    1.03330e-06

           Step           Time
          92000       92.00000

   Energies (kJ/mol)
           Bond            U-B    Proper Dih.  Improper Dih.          LJ-14
    3.71344e+01    2.61358e+01    1.73126e+01    1.74431e+00    3.64340e+01
     Coulomb-14        LJ (SR)   Coulomb (SR)   Coul. recip. Position Rest.
   -5.98502e+02    5.40456e+03   -6.02120e+04    2.26718e+02    1.57179e+00
      Potential    Kinetic En.   Total Energy  Conserved En.    Temperature
   -5.50589e+04    1.01022e+04   -4.49567e+04   -5.21635e+04    3.07171e+02
 Pressure (bar)   Constr. rmsd
   -1.62057e+03    1.02212e-06

           Step           Time
          93000       93.00000

   Energies (kJ/mol)
           Bond            U-B    Proper Dih.  Improper Dih.          LJ-14
    7.81745e+00    3.46010e+01    8.88415e+00    2.90552e+00    6.86212e+01
     Coulomb-14        LJ (SR)   Coulomb (SR)   Coul. recip. Position Rest.
   -5.96715e+02    5.60527e+03   -6.04103e+04    1.77971e+02    3.69268e+00
      Potential    Kinetic En.   Total Energy  Conserved En.    Temperature
   -5.50973e+04    1.00510e+04   -4.50463e+04   -5.21945e+04    3.05613e+02
 Pressure (bar)   Constr. rmsd
   -1.03402e+03    7.55672e-07

           Step           Time
          94000       94.00000

   Energies (kJ/mol)
           Bond            U-B    Proper Dih.  Improper Dih.          LJ-14
    9.68367e+00    3.15770e+01    1.87809e+01    1.88011e+00    6.72871e+01
     Coulomb-14        LJ (SR)   Coulomb (SR)   Coul. recip. Position Rest.
   -5.98168e+02    5.76688e+03   -6.01915e+04    2.23853e+02    1.29303e+00
      Potential    Kinetic En.   Total Energy  Conserved En.    Temperature
   -5.46684e+04    9.92501e+03   -4.47434e+04   -5.21159e+04    3.01784e+02
 Pressure (bar)   Constr. rmsd
   -7.37156e+02    9.92138e-07

           Step           Time
          95000       95.00000

   Energies (kJ/mol)
           Bond            U-B    Proper Dih.  Improper Dih.          LJ-14
    3.11552e+01    3.85094e+01    5.37014e+00    9.25235e-01    3.56263e+01
     Coulomb-14        LJ (SR)   Coulomb (SR)   Coul. recip. Position Rest.
   -6.03446e+02    5.81384e+03   -6.07113e+04    2.03468e+02    2.06255e+00
      Potential    Kinetic En.   Total Energy  Conserved En.    Temperature
   -5.51838e+04    1.01781e+04   -4.50056e+04   -5.20766e+04    3.09479e+02
 Pressure (bar)   Constr. rmsd
   -1.15861e+03    7.05755e-07

           Step           Time
          96000       96.00000

   Energies (kJ/mol)
           Bond            U-B    Proper Dih.  Improper Dih.          LJ-14
    7.91316e+01    6.50229e+01    1.03086e+01    2.47384e+00    2.51060e+01
     Coulomb-14        LJ (SR)   Coulomb (SR)   Coul. recip. Position Rest.
   -5.98387e+02    5.66234e+03   -6.09606e+04    1.95154e+02    5.00350e+00
      Potential    Kinetic En.   Total Energy  Conserved En.    Temperature
   -5.55144e+04    1.00646e+04   -4.54498e+04   -5.21127e+04    3.06029e+02
 Pressure (bar)   Constr. rmsd
   -1.81814e+03    4.85696e-07

           Step           Time
          97000       97.00000

   Energies (kJ/mol)
           Bond            U-B    Proper Dih.  Improper Dih.          LJ-14
    3.87848e+01    5.14699e+01    7.29872e+00    1.60300e+00    3.32094e+01
     Coulomb-14        LJ (SR)   Coulomb (SR)   Coul. recip. Position Rest.
   -6.02354e+02    5.78217e+03   -6.08120e+04    1.92740e+02    5.17534e+00
      Potential    Kinetic En.   Total Energy  Conserved En.    Temperature
   -5.53019e+04    9.96767e+03   -4.53342e+04   -5.21376e+04    3.03080e+02
 Pressure (bar)   Constr. rmsd
   -1.31650e+03    6.43252e-07

           Step           Time
          98000       98.00000

   Energies (kJ/mol)
           Bond            U-B    Proper Dih.  Improper Dih.          LJ-14
    1.08207e+01    3.39170e+01    3.09507e+00    1.28171e+00    6.25356e+01
     Coulomb-14        LJ (SR)   Coulomb (SR)   Coul. recip. Position Rest.
   -6.00325e+02    5.81071e+03   -6.08780e+04    2.07341e+02    9.66121e+00
      Potential    Kinetic En.   Total Energy  Conserved En.    Temperature
   -5.53390e+04    9.84186e+03   -4.54971e+04   -5.22234e+04    2.99255e+02
 Pressure (bar)   Constr. rmsd
   -9.99292e+02    6.22100e-07

           Step           Time
          99000       99.00000

   Energies (kJ/mol)
           Bond            U-B    Proper Dih.  Improper Dih.          LJ-14
    2.29177e+01    4.55085e+01    2.19139e+01    2.24396e+00    8.03664e+01
     Coulomb-14        LJ (SR)   Coulomb (SR)   Coul. recip. Position Rest.
   -5.93149e+02    5.53296e+03   -6.04233e+04    1.88774e+02    5.01522e+00
      Potential    Kinetic En.   Total Energy  Conserved En.    Temperature
   -5.51167e+04    9.48614e+03   -4.56306e+04   -5.22178e+04    2.88439e+02
 Pressure (bar)   Constr. rmsd
   -1.15314e+03    7.10938e-07

           Step           Time
         100000      100.00000

   Energies (kJ/mol)
           Bond            U-B    Proper Dih.  Improper Dih.          LJ-14
    1.76196e+01    3.01066e+01    1.19092e+01    5.01682e+00    7.67315e+01
     Coulomb-14        LJ (SR)   Coulomb (SR)   Coul. recip. Position Rest.
   -5.97585e+02    5.42570e+03   -6.03296e+04    2.08829e+02    7.81792e+00
      Potential    Kinetic En.   Total Energy  Conserved En.    Temperature
   -5.51434e+04    9.99784e+03   -4.51456e+04   -5.22234e+04    3.03998e+02
 Pressure (bar)   Constr. rmsd
   -1.35689e+03    1.08539e-06

           Step           Time
         101000      101.00000

   Energies (kJ/mol)
           Bond            U-B    Proper Dih.  Improper Dih.          LJ-14
    1.45998e+01    3.05981e+01    4.87563e+00    5.65334e+00    5.04968e+01
     Coulomb-14        LJ (SR)   Coulomb (SR)   Coul. recip. Position Rest.
   -5.97234e+02    5.43261e+03   -5.98800e+04    2.20530e+02    5.73219e-01
      Potential    Kinetic En.   Total Energy  Conserved En.    Temperature
   -5.47173e+04    1.03828e+04   -4.43346e+04   -5.21304e+04    3.15702e+02
 Pressure (bar)   Constr. rmsd
   -1.09317e+03    8.99484e-07

           Step           Time
         102000      102.00000

   Energies (kJ/mol)
           Bond            U-B    Proper Dih.  Improper Dih.          LJ-14
    4.73904e+01    4.90058e+01    1.25396e+01    7.59312e+00    3.18146e+01
     Coulomb-14        LJ (SR)   Coulomb (SR)   Coul. recip. Position Rest.
   -6.07526e+02    5.53268e+03   -6.01627e+04    1.75031e+02    2.46933e+00
      Potential    Kinetic En.   Total Energy  Conserved En.    Temperature
   -5.49117e+04    1.00268e+04   -4.48849e+04   -5.21087e+04    3.04877e+02
 Pressure (bar)   Constr. rmsd
   -1.48253e+03    7.81405e-07

           Step           Time
         103000      103.00000

   Energies (kJ/mol)
           Bond            U-B    Proper Dih.  Improper Dih.          LJ-14
    8.94710e+01    5.11630e+01    1.27680e+01    2.10904e+00    2.51731e+01
     Coulomb-14        LJ (SR)   Coulomb (SR)   Coul. recip. Position Rest.
   -6.05838e+02    5.59909e+03   -6.06700e+04    2.01704e+02    1.04217e+00
      Potential    Kinetic En.   Total Energy  Conserved En.    Temperature
   -5.52933e+04    1.00621e+04   -4.52312e+04   -5.20617e+04    3.05952e+02
 Pressure (bar)   Constr. rmsd
   -1.71631e+03    7.39994e-07

           Step           Time
         104000      104.00000

   Energies (kJ/mol)
           Bond            U-B    Proper Dih.  Improper Dih.          LJ-14
    6.63288e+01    4.02041e+01    1.82948e+01    1.89185e+00    2.49003e+01
     Coulomb-14        LJ (SR)   Coulomb (SR)   Coul. recip. Position Rest.
   -5.96401e+02    5.81251e+03   -6.09434e+04    1.85982e+02    2.11978e+00
      Potential    Kinetic En.   Total Energy  Conserved En.    Temperature
   -5.53876e+04    1.00584e+04   -4.53292e+04   -5.20477e+04    3.05839e+02
 Pressure (bar)   Constr. rmsd
   -1.35065e+03    8.94996e-07

           Step           Time
         105000      105.00000

   Energies (kJ/mol)
           Bond            U-B    Proper Dih.  Improper Dih.          LJ-14
    2.64741e+01    3.90104e+01    1.24673e+01    2.40494e+00    4.04246e+01
     Coulomb-14        LJ (SR)   Coulomb (SR)   Coul. recip. Position Rest.
   -5.96681e+02    5.70660e+03   -6.05603e+04    1.95851e+02    8.39576e+00
      Potential    Kinetic En.   Total Energy  Conserved En.    Temperature
   -5.51253e+04    1.04432e+04   -4.46822e+04   -5.20903e+04    3.17538e+02
 Pressure (bar)   Constr. rmsd
   -1.16708e+03    6.10378e-07

           Step           Time
         106000      106.00000

   Energies (kJ/mol)
           Bond            U-B    Proper Dih.  Improper Dih.          LJ-14
    9.77457e+00    4.01733e+01    7.11535e+00    3.68905e+00    6.35978e+01
     Coulomb-14        LJ (SR)   Coulomb (SR)   Coul. recip. Position Rest.
   -5.93631e+02    5.68415e+03   -6.03971e+04    1.73185e+02    7.74858e+00
      Potential    Kinetic En.   Total Energy  Conserved En.    Temperature
   -5.50013e+04    1.03328e+04   -4.46685e+04   -5.20268e+04    3.14184e+02
 Pressure (bar)   Constr. rmsd
   -8.19133e+02    1.10689e-06

           Step           Time
         107000      107.00000

   Energies (kJ/mol)
           Bond            U-B    Proper Dih.  Improper Dih.          LJ-14
    2.35702e+01    5.18504e+01    1.35887e+01    2.75641e+00    6.86487e+01
     Coulomb-14        LJ (SR)   Coulomb (SR)   Coul. recip. Position Rest.
   -6.01907e+02    5.58536e+03   -6.03299e+04    1.87666e+02    5.57036e+00
      Potential    Kinetic En.   Total Energy  Conserved En.    Temperature
   -5.49928e+04    1.00588e+04   -4.49341e+04   -5.21193e+04    3.05851e+02
 Pressure (bar)   Constr. rmsd
   -1.14888e+03    8.89954e-07

           Step           Time
         108000      108.00000

   Energies (kJ/mol)
           Bond            U-B    Proper Dih.  Improper Dih.          LJ-14
    1.71182e+01    4.21643e+01    9.09917e+00    6.66937e+00    3.94093e+01
     Coulomb-14        LJ (SR)   Coulomb (SR)   Coul. recip. Position Rest.
   -5.94290e+02    5.46140e+03   -6.03385e+04    2.05603e+02    2.39478e+00
      Potential    Kinetic En.   Total Energy  Conserved En.    Temperature
   -5.51489e+04    9.83941e+03   -4.53095e+04   -5.21779e+04    2.99181e+02
 Pressure (bar)   Constr. rmsd
   -1.57433e+03    7.95969e-07

           Step           Time
         109000      109.00000

   Energies (kJ/mol)
           Bond            U-B    Proper Dih.  Improper Dih.          LJ-14
    5.03996e+01    4.38953e+01    1.77118e+01    1.73995e+00    3.12305e+01
     Coulomb-14        LJ (SR)   Coulomb (SR)   Coul. recip. Position Rest.
   -5.97368e+02    5.86204e+03   -6.12487e+04    1.82061e+02    3.68565e+00
      Potential    Kinetic En.   Total Energy  Conserved En.    Temperature
   -5.56533e+04    9.78353e+03   -4.58698e+04   -5.22156e+04    2.97481e+02
 Pressure (bar)   Constr. rmsd
   -1.32770e+03    4.27605e-07

           Step           Time
         110000      110.00000

   Energies (kJ/mol)
           Bond            U-B    Proper Dih.  Improper Dih.          LJ-14
    3.98701e+01    4.97713e+01    7.62840e+00    2.32100e+00    3.40517e+01
     Coulomb-14        LJ (SR)   Coulomb (SR)   Coul. recip. Position Rest.
   -5.98942e+02    5.48217e+03   -6.01302e+04    1.94837e+02    1.50845e+00
      Potential    Kinetic En.   Total Energy  Conserved En.    Temperature
   -5.49170e+04    9.85111e+03   -4.50659e+04   -5.22675e+04    2.99536e+02
 Pressure (bar)   Constr. rmsd
   -1.74788e+03    1.05204e-06

           Step           Time
         111000      111.00000

   Energies (kJ/mol)
           Bond            U-B    Proper Dih.  Improper Dih.          LJ-14
    2.43772e+01    3.33502e+01    1.48571e+01    6.17223e-01    4.25103e+01
     Coulomb-14        LJ (SR)   Coulomb (SR)   Coul. recip. Position Rest.
   -5.98442e+02    5.60852e+03   -6.03239e+04    1.98511e+02    2.18000e+00
      Potential    Kinetic En.   Total Energy  Conserved En.    Temperature
   -5.49974e+04    9.90665e+03   -4.50908e+04   -5.22867e+04    3.01225e+02
 Pressure (bar)   Constr. rmsd
   -1.14814e+03    8.27625e-07

           Step           Time
         112000      112.00000

   Energies (kJ/mol)
           Bond            U-B    Proper Dih.  Improper Dih.          LJ-14
    1.99127e+01    4.39530e+01    2.20979e+01    3.06724e+00    6.03230e+01
     Coulomb-14        LJ (SR)   Coulomb (SR)   Coul. recip. Position Rest.
   -5.97004e+02    5.16269e+03   -5.95842e+04    1.93501e+02    2.36508e+00
      Potential    Kinetic En.   Total Energy  Conserved En.    Temperature
   -5.46733e+04    1.00147e+04   -4.46586e+04   -5.22357e+04    3.04509e+02
 Pressure (bar)   Constr. rmsd
   -1.47954e+03    6.23811e-07

           Step           Time
         113000      113.00000

   Energies (kJ/mol)
           Bond            U-B    Proper Dih.  Improper Dih.          LJ-14
    2.04848e+01    3.38444e+01    1.05668e+01    3.33164e+00    4.99018e+01
     Coulomb-14        LJ (SR)   Coulomb (SR)   Coul. recip. Position Rest.
   -6.06745e+02    5.71231e+03   -6.01494e+04    1.86579e+02    1.96663e+00
      Potential    Kinetic En.   Total Energy  Conserved En.    Temperature
   -5.47372e+04    1.01519e+04   -4.45853e+04   -5.21621e+04    3.08682e+02
 Pressure (bar)   Constr. rmsd
   -7.39737e+02    5.15043e-07

           Step           Time
         114000      114.00000

   Energies (kJ/mol)
           Bond            U-B    Proper Dih.  Improper Dih.          LJ-14
    2.94669e+01    4.07749e+01    4.12391e+00    7.64330e+00    3.65689e+01
     Coulomb-14        LJ (SR)   Coulomb (SR)   Coul. recip. Position Rest.
   -5.99238e+02    5.52608e+03   -6.01449e+04    1.88210e+02    3.86019e+00
      Potential    Kinetic En.   Total Energy  Conserved En.    Temperature
   -5.49074e+04    1.00542e+04   -4.48532e+04   -5.21754e+04    3.05710e+02
 Pressure (bar)   Constr. rmsd
   -1.45979e+03    6.44172e-07

           Step           Time
         115000      115.00000

   Energies (kJ/mol)
           Bond            U-B    Proper Dih.  Improper Dih.          LJ-14
    3.75138e+01    3.60031e+01    6.56850e+00    2.99422e+00    3.77557e+01
     Coulomb-14        LJ (SR)   Coulomb (SR)   Coul. recip. Position Rest.
   -6.01517e+02    6.02138e+03   -6.10438e+04    1.82366e+02    5.48732e+00
      Potential    Kinetic En.   Total Energy  Conserved En.    Temperature
   -5.53153e+04    9.97437e+03   -4.53409e+04   -5.22097e+04    3.03284e+02
 Pressure (bar)   Constr. rmsd
   -9.46263e+02    6.29293e-07

           Step           Time
         116000      116.00000

   Energies (kJ/mol)
           Bond            U-B    Proper Dih.  Improper Dih.          LJ-14
    1.95143e+01    3.95666e+01    1.39034e+01    3.32156e+00    4.65129e+01
     Coulomb-14        LJ (SR)   Coulomb (SR)   Coul. recip. Position Rest.
   -5.98785e+02    5.82658e+03   -6.07814e+04    2.01386e+02    5.58708e+00
      Potential    Kinetic En.   Total Energy  Conserved En.    Temperature
   -5.52238e+04    9.92062e+03   -4.53032e+04   -5.23210e+04    3.01650e+02
 Pressure (bar)   Constr. rmsd
   -1.13626e+03    7.91493e-07

           Step           Time
         117000      117.00000

   Energies (kJ/mol)
           Bond            U-B    Proper Dih.  Improper Dih.          LJ-14
    1.81945e+01    5.33737e+01    2.96811e+01    3.23860e+00    6.15333e+01
     Coulomb-14        LJ (SR)   Coulomb (SR)   Coul. recip. Position Rest.
   -6.07183e+02    5.52272e+03   -6.04624e+04    2.09546e+02    4.16887e+00
      Potential    Kinetic En.   Total Energy  Conserved En.    Temperature
   -5.51671e+04    1.01506e+04   -4.50165e+04   -5.22829e+04    3.08642e+02
 Pressure (bar)   Constr. rmsd
   -1.23232e+03    5.27088e-07

           Step           Time
         118000      118.00000

   Energies (kJ/mol)
           Bond            U-B    Proper Dih.  Improper Dih.          LJ-14
    1.16811e+01    3.73313e+01    1.15744e+01    3.69197e-01    5.73692e+01
     Coulomb-14        LJ (SR)   Coulomb (SR)   Coul. recip. Position Rest.
   -5.99222e+02    5.64962e+03   -6.04796e+04    1.80553e+02    2.87589e+00
      Potential    Kinetic En.   Total Energy  Conserved En.    Temperature
   -5.51275e+04    1.01795e+04   -4.49480e+04   -5.23088e+04    3.09521e+02
 Pressure (bar)   Constr. rmsd
   -1.17927e+03    8.89821e-07

           Step           Time
         119000      119.00000

   Energies (kJ/mol)
           Bond            U-B    Proper Dih.  Improper Dih.          LJ-14
    3.22920e+01    3.56993e+01    7.42870e+00    3.91216e+00    4.33310e+01
     Coulomb-14        LJ (SR)   Coulomb (SR)   Coul. recip. Position Rest.
   -5.97126e+02    5.41330e+03   -6.03070e+04    1.80191e+02    1.44613e+00
      Potential    Kinetic En.   Total Energy  Conserved En.    Temperature
   -5.51865e+04    1.00935e+04   -4.50931e+04   -5.23210e+04    3.06906e+02
 Pressure (bar)   Constr. rmsd
   -1.67372e+03    1.00282e-06

           Step           Time
         120000      120.00000

   Energies (kJ/mol)
           Bond            U-B    Proper Dih.  Improper Dih.          LJ-14
    2.09273e+01    4.18653e+01    1.58245e+01    7.44113e+00    4.34221e+01
     Coulomb-14        LJ (SR)   Coulomb (SR)   Coul. recip. Position Rest.
   -6.02179e+02    5.63382e+03   -6.06132e+04    2.07659e+02    1.74270e+00
      Potential    Kinetic En.   Total Energy  Conserved En.    Temperature
   -5.52427e+04    1.01250e+04   -4.51176e+04   -5.23179e+04    3.07865e+02
 Pressure (bar)   Constr. rmsd
   -1.30519e+03    8.39841e-07

           Step           Time
         121000      121.00000

   Energies (kJ/mol)
           Bond            U-B    Proper Dih.  Improper Dih.          LJ-14
    1.23302e+01    5.72270e+01    1.62433e+01    1.20533e+00    5.30454e+01
     Coulomb-14        LJ (SR)   Coulomb (SR)   Coul. recip. Position Rest.
   -5.99356e+02    6.06520e+03   -6.09174e+04    2.16356e+02    1.23528e+00
      Potential    Kinetic En.   Total Energy  Conserved En.    Temperature
   -5.50939e+04    1.00460e+04   -4.50479e+04   -5.23994e+04    3.05463e+02
 Pressure (bar)   Constr. rmsd
   -5.59505e+02    1.15721e-06

           Step           Time
         122000      122.00000

   Energies (kJ/mol)
           Bond            U-B    Proper Dih.  Improper Dih.          LJ-14
    2.82668e+01    2.20055e+01    1.80582e+01    1.79024e+00    3.67963e+01
     Coulomb-14        LJ (SR)   Coulomb (SR)   Coul. recip. Position Rest.
   -5.89846e+02    5.88650e+03   -6.02703e+04    1.86780e+02    3.66594e+00
      Potential    Kinetic En.   Total Energy  Conserved En.    Temperature
   -5.46763e+04    1.04831e+04   -4.41931e+04   -5.23446e+04    3.18753e+02
 Pressure (bar)   Constr. rmsd
   -7.28683e+02    5.32008e-07

           Step           Time
         123000      123.00000

   Energies (kJ/mol)
           Bond            U-B    Proper Dih.  Improper Dih.          LJ-14
    1.44952e+01    4.16817e+01    1.64761e+01    2.66952e+00    4.60680e+01
     Coulomb-14        LJ (SR)   Coulomb (SR)   Coul. recip. Position Rest.
   -6.00604e+02    5.52460e+03   -5.97826e+04    2.07213e+02    5.34473e+00
      Potential    Kinetic En.   Total Energy  Conserved En.    Temperature
   -5.45247e+04    9.95518e+03   -4.45695e+04   -5.22686e+04    3.02701e+02
 Pressure (bar)   Constr. rmsd
   -1.04079e+03    8.07344e-07

           Step           Time
         124000      124.00000

   Energies (kJ/mol)
           Bond            U-B    Proper Dih.  Improper Dih.          LJ-14
    7.74921e+00    4.16373e+01    2.72065e+01    1.54466e+00    6.04559e+01
     Coulomb-14        LJ (SR)   Coulomb (SR)   Coul. recip. Position Rest.
   -5.93141e+02    5.67192e+03   -6.03778e+04    2.00623e+02    4.21219e+00
      Potential    Kinetic En.   Total Energy  Conserved En.    Temperature
   -5.49556e+04    9.93930e+03   -4.50163e+04   -5.22597e+04    3.02218e+02
 Pressure (bar)   Constr. rmsd
   -9.89205e+02    6.41593e-07

           Step           Time
         125000      125.00000

Writing checkpoint, step 125000 at Thu Nov  2 12:05:55 2023


   Energies (kJ/mol)
           Bond            U-B    Proper Dih.  Improper Dih.          LJ-14
    1.72281e+01    2.60566e+01    1.39534e+01    3.78228e+00    4.45031e+01
     Coulomb-14        LJ (SR)   Coulomb (SR)   Coul. recip. Position Rest.
   -6.02317e+02    5.57300e+03   -6.03257e+04    2.22058e+02    3.86840e-01
      Potential    Kinetic En.   Total Energy  Conserved En.    Temperature
   -5.50271e+04    9.71877e+03   -4.53083e+04   -5.22862e+04    2.95513e+02
 Pressure (bar)   Constr. rmsd
   -1.32252e+03    9.80009e-07


Energy conservation over simulation part #1 of length 125 ps, time 0 to 125 ps
  Conserved energy drift: 3.63e-03 kJ/mol/ps per atom


	<======  ###############  ==>
	<====  A V E R A G E S  ====>
	<==  ###############  ======>

	Statistics over 125001 steps using 1251 frames

   Energies (kJ/mol)
           Bond            U-B    Proper Dih.  Improper Dih.          LJ-14
    2.47053e+01    4.20887e+01    1.40039e+01    4.13795e+00    4.70678e+01
     Coulomb-14        LJ (SR)   Coulomb (SR)   Coul. recip. Position Rest.
   -5.98408e+02    5.64971e+03   -6.04586e+04    1.95069e+02    4.55083e+00
      Potential    Kinetic En.   Total Energy  Conserved En.    Temperature
   -5.50757e+04    9.93791e+03   -4.51378e+04   -5.17677e+04    3.02176e+02
 Pressure (bar)   Constr. rmsd
   -1.21854e+03    0.00000e+00

   Total Virial (kJ/mol)
    4.89617e+03   -1.28692e+01   -8.31519e+00
   -1.29477e+01    4.86220e+03   -1.50652e+00
   -8.36801e+00   -1.40932e+00    4.89891e+03

   Pressure (bar)
   -1.22639e+03    9.93242e+00    6.76937e+00
    9.99318e+00   -1.20005e+03    2.79195e+00
    6.81029e+00    2.71666e+00   -1.22916e+03

         T-SOLU         T-SOLV
    3.06874e+02    3.02159e+02


	M E G A - F L O P S   A C C O U N T I N G

 NB=Group-cutoff nonbonded kernels    NxN=N-by-N cluster Verlet kernels
 RF=Reaction-Field  VdW=Van der Waals  QSTab=quadratic-spline table
 W3=SPC/TIP3p  W4=TIP4p (single or pairs)
 V&F=Potential and force  V=Potential only  F=Force only

 Computing:                               M-Number         M-Flops  % Flops
-----------------------------------------------------------------------------
 Pair Search distance check             620.530928        5584.778     0.0
 NxN Ewald Elec. + LJ [F]            572209.545600    44632344.557    98.2
 NxN Ewald Elec. + LJ [V&F]            5784.513920      746202.296     1.6
 1,4 nonbonded interactions               4.875039         438.754     0.0
 Shift-X                                  4.938948          29.634     0.0
 Bonds                                    1.875015         110.626     0.0
 Propers                                  5.250042        1202.260     0.0
 Impropers                                0.375003          78.001     0.0
 Pos. Restr.                              0.750006          37.500     0.0
 Virial                                   4.995243          89.914     0.0
 Stop-CM                                  4.942896          49.429     0.0
 Calc-Ekin                               19.747896         533.193     0.0
 Lincs                                    1.875045         112.503     0.0
 Lincs-Mat                               13.500324          54.001     0.0
 Constraint-V                           492.757884        4434.821     0.0
 Constraint-Vir                           4.912677         117.904     0.0
 Settle                                 163.003912       60311.447     0.1
 Urey-Bradley                             5.625045        1029.383     0.0
-----------------------------------------------------------------------------
 Total                                                45452761.001   100.0
-----------------------------------------------------------------------------


      R E A L   C Y C L E   A N D   T I M E   A C C O U N T I N G

On 1 MPI rank, each using 20 OpenMP threads

 Activity:              Num   Num      Call    Wall time         Giga-Cycles
                        Ranks Threads  Count      (s)         total sum    %
--------------------------------------------------------------------------------
 Neighbor search           1   20       1251       0.797         33.666   2.4
 Launch PP GPU ops.        1   20     125001       1.280         54.079   3.9
 Force                     1   20     125001       8.588        362.757  26.0
 PME GPU mesh              1   20     125001       8.499        359.007  25.7
 Wait GPU NB local                                 1.436         60.666   4.3
 NB X/F buffer ops.        1   20     248751       5.503        232.446  16.6
 Write traj.               1   20         26       0.046          1.935   0.1
 Update                    1   20     125001       3.046        128.657   9.2
 Constraints               1   20     125003       2.670        112.796   8.1
 Rest                                              1.193         50.385   3.6
--------------------------------------------------------------------------------
 Total                                            33.058       1396.394 100.0
--------------------------------------------------------------------------------
 Breakdown of PME mesh activities
--------------------------------------------------------------------------------
 Wait PME GPU gather       1   20     125001       1.706         72.082   5.2
 Reduce GPU PME F          1   20     125001       4.057        171.353  12.3
 Launch PME GPU ops.       1   20    1000015       2.437        102.936   7.4
--------------------------------------------------------------------------------

               Core t (s)   Wall t (s)        (%)
       Time:      661.143       33.058     1999.9
                 (ns/day)    (hour/ns)
Performance:      326.697        0.073
Finished mdrun on rank 0 Thu Nov  2 12:05:55 2023

